2020-12-15 00:40:28,773 ERROR 1722 [-/127.0.0.1/-/4ms GET /news] nodejs.AssertionError: Can't find news from /Users/chengyuhan/学习/egg-example/app/view
    at Map.resolve (/Users/chengyuhan/学习/egg-example/node_modules/egg-view/lib/view_manager.js:74:5)
    at async ContextView.[contextView#render] (/Users/chengyuhan/学习/egg-example/node_modules/egg-view/lib/context_view.js:50:22)
    at async NewsController.index (/Users/chengyuhan/学习/egg-example/app/controller/news.js:8:5)
    at async /Users/chengyuhan/学习/egg-example/node_modules/egg-development/app/middleware/egg_loader_trace.js:9:50
    at async xframe (/Users/chengyuhan/学习/egg-example/node_modules/egg-security/lib/middlewares/xframe.js:7:5)
    at async xssProtection (/Users/chengyuhan/学习/egg-example/node_modules/egg-security/lib/middlewares/xssProtection.js:7:5)
    at async nosniff (/Users/chengyuhan/学习/egg-example/node_modules/egg-security/lib/middlewares/nosniff.js:8:5)
    at async noopen (/Users/chengyuhan/学习/egg-example/node_modules/egg-security/lib/middlewares/noopen.js:8:5)
    at async session (/Users/chengyuhan/学习/egg-example/node_modules/koa-session/index.js:41:7)
    at async bodyParser (/Users/chengyuhan/学习/egg-example/node_modules/koa-bodyparser/index.js:95:5)
generatedMessage: false
code: "ERR_ASSERTION"
actual: undefined
expected: true
operator: "=="
pid: 1722
hostname: bogon

2020-12-15 00:41:35,717 ERROR 1725 [-/127.0.0.1/-/9ms GET /news] nodejs.AssertionError: Can't find news from /Users/chengyuhan/学习/egg-example/app/view
    at Map.resolve (/Users/chengyuhan/学习/egg-example/node_modules/egg-view/lib/view_manager.js:74:5)
    at async ContextView.[contextView#render] (/Users/chengyuhan/学习/egg-example/node_modules/egg-view/lib/context_view.js:50:22)
    at async NewsController.index (/Users/chengyuhan/学习/egg-example/app/controller/news.js:8:5)
    at async /Users/chengyuhan/学习/egg-example/node_modules/egg-development/app/middleware/egg_loader_trace.js:9:50
    at async xframe (/Users/chengyuhan/学习/egg-example/node_modules/egg-security/lib/middlewares/xframe.js:7:5)
    at async xssProtection (/Users/chengyuhan/学习/egg-example/node_modules/egg-security/lib/middlewares/xssProtection.js:7:5)
    at async nosniff (/Users/chengyuhan/学习/egg-example/node_modules/egg-security/lib/middlewares/nosniff.js:8:5)
    at async noopen (/Users/chengyuhan/学习/egg-example/node_modules/egg-security/lib/middlewares/noopen.js:8:5)
    at async session (/Users/chengyuhan/学习/egg-example/node_modules/koa-session/index.js:41:7)
    at async bodyParser (/Users/chengyuhan/学习/egg-example/node_modules/koa-bodyparser/index.js:95:5)
generatedMessage: false
code: "ERR_ASSERTION"
actual: undefined
expected: true
operator: "=="
pid: 1725
hostname: bogon

2020-12-15 00:41:50,911 ERROR 1741 [-/127.0.0.1/-/7ms GET /news] nodejs.AssertionError: Can't find news from /Users/chengyuhan/学习/egg-example/app/view
    at Map.resolve (/Users/chengyuhan/学习/egg-example/node_modules/egg-view/lib/view_manager.js:74:5)
    at async ContextView.[contextView#render] (/Users/chengyuhan/学习/egg-example/node_modules/egg-view/lib/context_view.js:50:22)
    at async NewsController.index (/Users/chengyuhan/学习/egg-example/app/controller/news.js:8:5)
    at async /Users/chengyuhan/学习/egg-example/node_modules/egg-development/app/middleware/egg_loader_trace.js:9:50
    at async xframe (/Users/chengyuhan/学习/egg-example/node_modules/egg-security/lib/middlewares/xframe.js:7:5)
    at async xssProtection (/Users/chengyuhan/学习/egg-example/node_modules/egg-security/lib/middlewares/xssProtection.js:7:5)
    at async nosniff (/Users/chengyuhan/学习/egg-example/node_modules/egg-security/lib/middlewares/nosniff.js:8:5)
    at async noopen (/Users/chengyuhan/学习/egg-example/node_modules/egg-security/lib/middlewares/noopen.js:8:5)
    at async session (/Users/chengyuhan/学习/egg-example/node_modules/koa-session/index.js:41:7)
    at async bodyParser (/Users/chengyuhan/学习/egg-example/node_modules/koa-bodyparser/index.js:95:5)
generatedMessage: false
code: "ERR_ASSERTION"
actual: undefined
expected: true
operator: "=="
pid: 1741
hostname: bogon

2020-12-15 00:41:51,855 ERROR 1741 [-/127.0.0.1/-/0ms GET /news] nodejs.AssertionError: Can't find news from /Users/chengyuhan/学习/egg-example/app/view
    at Map.resolve (/Users/chengyuhan/学习/egg-example/node_modules/egg-view/lib/view_manager.js:74:5)
    at async ContextView.[contextView#render] (/Users/chengyuhan/学习/egg-example/node_modules/egg-view/lib/context_view.js:50:22)
    at async NewsController.index (/Users/chengyuhan/学习/egg-example/app/controller/news.js:8:5)
    at async /Users/chengyuhan/学习/egg-example/node_modules/egg-development/app/middleware/egg_loader_trace.js:9:50
    at async xframe (/Users/chengyuhan/学习/egg-example/node_modules/egg-security/lib/middlewares/xframe.js:7:5)
    at async xssProtection (/Users/chengyuhan/学习/egg-example/node_modules/egg-security/lib/middlewares/xssProtection.js:7:5)
    at async nosniff (/Users/chengyuhan/学习/egg-example/node_modules/egg-security/lib/middlewares/nosniff.js:8:5)
    at async noopen (/Users/chengyuhan/学习/egg-example/node_modules/egg-security/lib/middlewares/noopen.js:8:5)
    at async session (/Users/chengyuhan/学习/egg-example/node_modules/koa-session/index.js:41:7)
    at async bodyParser (/Users/chengyuhan/学习/egg-example/node_modules/koa-bodyparser/index.js:95:5)
generatedMessage: false
code: "ERR_ASSERTION"
actual: undefined
expected: true
operator: "=="
pid: 1741
hostname: bogon

2020-12-15 00:41:52,527 ERROR 1741 [-/127.0.0.1/-/1ms GET /news] nodejs.AssertionError: Can't find news from /Users/chengyuhan/学习/egg-example/app/view
    at Map.resolve (/Users/chengyuhan/学习/egg-example/node_modules/egg-view/lib/view_manager.js:74:5)
    at async ContextView.[contextView#render] (/Users/chengyuhan/学习/egg-example/node_modules/egg-view/lib/context_view.js:50:22)
    at async NewsController.index (/Users/chengyuhan/学习/egg-example/app/controller/news.js:8:5)
    at async /Users/chengyuhan/学习/egg-example/node_modules/egg-development/app/middleware/egg_loader_trace.js:9:50
    at async xframe (/Users/chengyuhan/学习/egg-example/node_modules/egg-security/lib/middlewares/xframe.js:7:5)
    at async xssProtection (/Users/chengyuhan/学习/egg-example/node_modules/egg-security/lib/middlewares/xssProtection.js:7:5)
    at async nosniff (/Users/chengyuhan/学习/egg-example/node_modules/egg-security/lib/middlewares/nosniff.js:8:5)
    at async noopen (/Users/chengyuhan/学习/egg-example/node_modules/egg-security/lib/middlewares/noopen.js:8:5)
    at async session (/Users/chengyuhan/学习/egg-example/node_modules/koa-session/index.js:41:7)
    at async bodyParser (/Users/chengyuhan/学习/egg-example/node_modules/koa-bodyparser/index.js:95:5)
generatedMessage: false
code: "ERR_ASSERTION"
actual: undefined
expected: true
operator: "=="
pid: 1741
hostname: bogon

2020-12-15 00:41:53,014 ERROR 1741 [-/127.0.0.1/-/1ms GET /news] nodejs.AssertionError: Can't find news from /Users/chengyuhan/学习/egg-example/app/view
    at Map.resolve (/Users/chengyuhan/学习/egg-example/node_modules/egg-view/lib/view_manager.js:74:5)
    at async ContextView.[contextView#render] (/Users/chengyuhan/学习/egg-example/node_modules/egg-view/lib/context_view.js:50:22)
    at async NewsController.index (/Users/chengyuhan/学习/egg-example/app/controller/news.js:8:5)
    at async /Users/chengyuhan/学习/egg-example/node_modules/egg-development/app/middleware/egg_loader_trace.js:9:50
    at async xframe (/Users/chengyuhan/学习/egg-example/node_modules/egg-security/lib/middlewares/xframe.js:7:5)
    at async xssProtection (/Users/chengyuhan/学习/egg-example/node_modules/egg-security/lib/middlewares/xssProtection.js:7:5)
    at async nosniff (/Users/chengyuhan/学习/egg-example/node_modules/egg-security/lib/middlewares/nosniff.js:8:5)
    at async noopen (/Users/chengyuhan/学习/egg-example/node_modules/egg-security/lib/middlewares/noopen.js:8:5)
    at async session (/Users/chengyuhan/学习/egg-example/node_modules/koa-session/index.js:41:7)
    at async bodyParser (/Users/chengyuhan/学习/egg-example/node_modules/koa-bodyparser/index.js:95:5)
generatedMessage: false
code: "ERR_ASSERTION"
actual: undefined
expected: true
operator: "=="
pid: 1741
hostname: bogon

2020-12-15 00:41:53,206 ERROR 1741 [-/127.0.0.1/-/1ms GET /news] nodejs.AssertionError: Can't find news from /Users/chengyuhan/学习/egg-example/app/view
    at Map.resolve (/Users/chengyuhan/学习/egg-example/node_modules/egg-view/lib/view_manager.js:74:5)
    at async ContextView.[contextView#render] (/Users/chengyuhan/学习/egg-example/node_modules/egg-view/lib/context_view.js:50:22)
    at async NewsController.index (/Users/chengyuhan/学习/egg-example/app/controller/news.js:8:5)
    at async /Users/chengyuhan/学习/egg-example/node_modules/egg-development/app/middleware/egg_loader_trace.js:9:50
    at async xframe (/Users/chengyuhan/学习/egg-example/node_modules/egg-security/lib/middlewares/xframe.js:7:5)
    at async xssProtection (/Users/chengyuhan/学习/egg-example/node_modules/egg-security/lib/middlewares/xssProtection.js:7:5)
    at async nosniff (/Users/chengyuhan/学习/egg-example/node_modules/egg-security/lib/middlewares/nosniff.js:8:5)
    at async noopen (/Users/chengyuhan/学习/egg-example/node_modules/egg-security/lib/middlewares/noopen.js:8:5)
    at async session (/Users/chengyuhan/学习/egg-example/node_modules/koa-session/index.js:41:7)
    at async bodyParser (/Users/chengyuhan/学习/egg-example/node_modules/koa-bodyparser/index.js:95:5)
generatedMessage: false
code: "ERR_ASSERTION"
actual: undefined
expected: true
operator: "=="
pid: 1741
hostname: bogon

2020-12-15 00:41:53,384 ERROR 1741 [-/127.0.0.1/-/1ms GET /news] nodejs.AssertionError: Can't find news from /Users/chengyuhan/学习/egg-example/app/view
    at Map.resolve (/Users/chengyuhan/学习/egg-example/node_modules/egg-view/lib/view_manager.js:74:5)
    at async ContextView.[contextView#render] (/Users/chengyuhan/学习/egg-example/node_modules/egg-view/lib/context_view.js:50:22)
    at async NewsController.index (/Users/chengyuhan/学习/egg-example/app/controller/news.js:8:5)
    at async /Users/chengyuhan/学习/egg-example/node_modules/egg-development/app/middleware/egg_loader_trace.js:9:50
    at async xframe (/Users/chengyuhan/学习/egg-example/node_modules/egg-security/lib/middlewares/xframe.js:7:5)
    at async xssProtection (/Users/chengyuhan/学习/egg-example/node_modules/egg-security/lib/middlewares/xssProtection.js:7:5)
    at async nosniff (/Users/chengyuhan/学习/egg-example/node_modules/egg-security/lib/middlewares/nosniff.js:8:5)
    at async noopen (/Users/chengyuhan/学习/egg-example/node_modules/egg-security/lib/middlewares/noopen.js:8:5)
    at async session (/Users/chengyuhan/学习/egg-example/node_modules/koa-session/index.js:41:7)
    at async bodyParser (/Users/chengyuhan/学习/egg-example/node_modules/koa-bodyparser/index.js:95:5)
generatedMessage: false
code: "ERR_ASSERTION"
actual: undefined
expected: true
operator: "=="
pid: 1741
hostname: bogon

2020-12-15 00:41:53,560 ERROR 1741 [-/127.0.0.1/-/1ms GET /news] nodejs.AssertionError: Can't find news from /Users/chengyuhan/学习/egg-example/app/view
    at Map.resolve (/Users/chengyuhan/学习/egg-example/node_modules/egg-view/lib/view_manager.js:74:5)
    at async ContextView.[contextView#render] (/Users/chengyuhan/学习/egg-example/node_modules/egg-view/lib/context_view.js:50:22)
    at async NewsController.index (/Users/chengyuhan/学习/egg-example/app/controller/news.js:8:5)
    at async /Users/chengyuhan/学习/egg-example/node_modules/egg-development/app/middleware/egg_loader_trace.js:9:50
    at async xframe (/Users/chengyuhan/学习/egg-example/node_modules/egg-security/lib/middlewares/xframe.js:7:5)
    at async xssProtection (/Users/chengyuhan/学习/egg-example/node_modules/egg-security/lib/middlewares/xssProtection.js:7:5)
    at async nosniff (/Users/chengyuhan/学习/egg-example/node_modules/egg-security/lib/middlewares/nosniff.js:8:5)
    at async noopen (/Users/chengyuhan/学习/egg-example/node_modules/egg-security/lib/middlewares/noopen.js:8:5)
    at async session (/Users/chengyuhan/学习/egg-example/node_modules/koa-session/index.js:41:7)
    at async bodyParser (/Users/chengyuhan/学习/egg-example/node_modules/koa-bodyparser/index.js:95:5)
generatedMessage: false
code: "ERR_ASSERTION"
actual: undefined
expected: true
operator: "=="
pid: 1741
hostname: bogon

2020-12-15 00:45:47,726 ERROR 2476 [-/127.0.0.1/-/11ms GET /news] nodejs.AssertionError: Can't find news from /Users/chengyuhan/学习/egg-example/app/view
    at Map.resolve (/Users/chengyuhan/学习/egg-example/node_modules/egg-view/lib/view_manager.js:74:5)
    at async ContextView.[contextView#render] (/Users/chengyuhan/学习/egg-example/node_modules/egg-view/lib/context_view.js:50:22)
    at async NewsController.index (/Users/chengyuhan/学习/egg-example/app/controller/news.js:8:5)
    at async /Users/chengyuhan/学习/egg-example/node_modules/egg-development/app/middleware/egg_loader_trace.js:9:50
    at async xframe (/Users/chengyuhan/学习/egg-example/node_modules/egg-security/lib/middlewares/xframe.js:7:5)
    at async xssProtection (/Users/chengyuhan/学习/egg-example/node_modules/egg-security/lib/middlewares/xssProtection.js:7:5)
    at async nosniff (/Users/chengyuhan/学习/egg-example/node_modules/egg-security/lib/middlewares/nosniff.js:8:5)
    at async noopen (/Users/chengyuhan/学习/egg-example/node_modules/egg-security/lib/middlewares/noopen.js:8:5)
    at async session (/Users/chengyuhan/学习/egg-example/node_modules/koa-session/index.js:41:7)
    at async bodyParser (/Users/chengyuhan/学习/egg-example/node_modules/koa-bodyparser/index.js:95:5)
generatedMessage: false
code: "ERR_ASSERTION"
actual: undefined
expected: true
operator: "=="
pid: 2476
hostname: bogon

2020-12-15 00:51:42,223 ERROR 2567 [-/127.0.0.1/-/4ms GET /news] nodejs.ReferenceError: /Users/chengyuhan/学习/egg-example/app/view/news.html:12
    10|   <ul>
    11|     <%=list%>.map((item) => {
 >> 12|       <li><%=item%></li>
    13|     })
    14|     
    15|   </ul>

item is not defined
    10|   <ul>
    11|     <%=list%>.map((item) => {
 >> 12|       <li><%=item%></li>
    13|     })
    14|     
    15|   </ul>

item is not defined
    at eval (/Users/chengyuhan/学习/egg-example/app/view/news.html:16:25)
    at news (/Users/chengyuhan/学习/egg-example/node_modules/ejs/lib/ejs.js:682:17)
    at tryHandleCache (/Users/chengyuhan/学习/egg-example/node_modules/ejs/lib/ejs.js:254:36)
    at Object.exports.renderFile (/Users/chengyuhan/学习/egg-example/node_modules/ejs/lib/ejs.js:485:10)
    at /Users/chengyuhan/学习/egg-example/node_modules/egg-view-ejs/lib/view.js:16:11
    at new Promise (<anonymous>)
    at EjsView.[EjsView#_render] (/Users/chengyuhan/学习/egg-example/node_modules/egg-view-ejs/lib/view.js:15:12)
    at EjsView.render (/Users/chengyuhan/学习/egg-example/node_modules/egg-view-ejs/lib/view.js:28:36)
    at ContextView.[contextView#render] (/Users/chengyuhan/学习/egg-example/node_modules/egg-view/lib/context_view.js:70:23)
    at async NewsController.index (/Users/chengyuhan/学习/egg-example/app/controller/news.js:9:5)
path: "/Users/chengyuhan/学习/egg-example/app/view/news.html"
pid: 2567
hostname: bogon

2020-12-15 00:57:04,416 ERROR 2587 [-/127.0.0.1/-/2ms GET /news] nodejs.Error: Could not find matching close tag for "<%".
    at /Users/chengyuhan/学习/egg-example/node_modules/ejs/lib/ejs.js:736:19
    at Array.forEach (<anonymous>)
    at Template.generateSource (/Users/chengyuhan/学习/egg-example/node_modules/ejs/lib/ejs.js:721:15)
    at Template.compile (/Users/chengyuhan/学习/egg-example/node_modules/ejs/lib/ejs.js:574:12)
    at Object.compile (/Users/chengyuhan/学习/egg-example/node_modules/ejs/lib/ejs.js:392:16)
    at handleCache (/Users/chengyuhan/学习/egg-example/node_modules/ejs/lib/ejs.js:215:18)
    at tryHandleCache (/Users/chengyuhan/学习/egg-example/node_modules/ejs/lib/ejs.js:254:16)
    at Object.exports.renderFile (/Users/chengyuhan/学习/egg-example/node_modules/ejs/lib/ejs.js:485:10)
    at /Users/chengyuhan/学习/egg-example/node_modules/egg-view-ejs/lib/view.js:16:11
    at new Promise (<anonymous>)

pid: 2587
hostname: bogon

