2020-12-15 00:00:58,430 INFO 963 [Timer] /Users/chengyuhan/学习/egg-example/node_modules/egg-multipart/app/schedule/clean_tmpdir.js next time will execute after 16141572ms at 2020-12-15 04:30:00.002
2020-12-15 00:00:58,432 INFO 963 [Timer] /Users/chengyuhan/学习/egg-example/node_modules/egg-logrotator/app/schedule/clean_log.js next time will execute after 86341570ms at 2020-12-16 00:00:00.002
2020-12-15 00:00:58,433 INFO 963 [Timer] /Users/chengyuhan/学习/egg-example/node_modules/egg-logrotator/app/schedule/rotate_by_file.js next time will execute after 86342568ms at 2020-12-16 00:00:01.001
2020-12-15 00:00:58,319 INFO 964 [egg-schedule]: register schedule /Users/chengyuhan/学习/egg-example/node_modules/egg-multipart/app/schedule/clean_tmpdir.js
2020-12-15 00:00:58,319 INFO 964 [egg-schedule]: register schedule /Users/chengyuhan/学习/egg-example/node_modules/egg-logrotator/app/schedule/clean_log.js
2020-12-15 00:00:58,319 INFO 964 [egg-schedule]: register schedule /Users/chengyuhan/学习/egg-example/node_modules/egg-logrotator/app/schedule/rotate_by_file.js
2020-12-15 00:15:03,298 INFO 1249 [egg-schedule]: register schedule /Users/chengyuhan/学习/egg-example/node_modules/egg-multipart/app/schedule/clean_tmpdir.js
2020-12-15 00:15:03,298 INFO 1249 [egg-schedule]: register schedule /Users/chengyuhan/学习/egg-example/node_modules/egg-logrotator/app/schedule/clean_log.js
2020-12-15 00:15:03,299 INFO 1249 [egg-schedule]: register schedule /Users/chengyuhan/学习/egg-example/node_modules/egg-logrotator/app/schedule/rotate_by_file.js
2020-12-15 00:15:10,390 INFO 1253 [egg-schedule]: register schedule /Users/chengyuhan/学习/egg-example/node_modules/egg-multipart/app/schedule/clean_tmpdir.js
2020-12-15 00:15:10,391 INFO 1253 [egg-schedule]: register schedule /Users/chengyuhan/学习/egg-example/node_modules/egg-logrotator/app/schedule/clean_log.js
2020-12-15 00:15:10,391 INFO 1253 [egg-schedule]: register schedule /Users/chengyuhan/学习/egg-example/node_modules/egg-logrotator/app/schedule/rotate_by_file.js
2020-12-15 00:19:16,846 INFO 1320 [egg-schedule]: register schedule /Users/chengyuhan/学习/egg-example/node_modules/egg-multipart/app/schedule/clean_tmpdir.js
2020-12-15 00:19:16,846 INFO 1320 [egg-schedule]: register schedule /Users/chengyuhan/学习/egg-example/node_modules/egg-logrotator/app/schedule/clean_log.js
2020-12-15 00:19:16,846 INFO 1320 [egg-schedule]: register schedule /Users/chengyuhan/学习/egg-example/node_modules/egg-logrotator/app/schedule/rotate_by_file.js
2020-12-15 00:19:26,408 INFO 1326 [egg-schedule]: register schedule /Users/chengyuhan/学习/egg-example/node_modules/egg-multipart/app/schedule/clean_tmpdir.js
2020-12-15 00:19:26,408 INFO 1326 [egg-schedule]: register schedule /Users/chengyuhan/学习/egg-example/node_modules/egg-logrotator/app/schedule/clean_log.js
2020-12-15 00:19:26,408 INFO 1326 [egg-schedule]: register schedule /Users/chengyuhan/学习/egg-example/node_modules/egg-logrotator/app/schedule/rotate_by_file.js
2020-12-15 00:20:43,786 INFO 1333 [egg-schedule]: register schedule /Users/chengyuhan/学习/egg-example/node_modules/egg-multipart/app/schedule/clean_tmpdir.js
2020-12-15 00:20:43,786 INFO 1333 [egg-schedule]: register schedule /Users/chengyuhan/学习/egg-example/node_modules/egg-logrotator/app/schedule/clean_log.js
2020-12-15 00:20:43,786 INFO 1333 [egg-schedule]: register schedule /Users/chengyuhan/学习/egg-example/node_modules/egg-logrotator/app/schedule/rotate_by_file.js
2020-12-15 00:21:11,287 INFO 1338 [egg-schedule]: register schedule /Users/chengyuhan/学习/egg-example/node_modules/egg-multipart/app/schedule/clean_tmpdir.js
2020-12-15 00:21:11,287 INFO 1338 [egg-schedule]: register schedule /Users/chengyuhan/学习/egg-example/node_modules/egg-logrotator/app/schedule/clean_log.js
2020-12-15 00:21:11,287 INFO 1338 [egg-schedule]: register schedule /Users/chengyuhan/学习/egg-example/node_modules/egg-logrotator/app/schedule/rotate_by_file.js
2020-12-15 00:21:20,586 INFO 1345 [egg-schedule]: register schedule /Users/chengyuhan/学习/egg-example/node_modules/egg-multipart/app/schedule/clean_tmpdir.js
2020-12-15 00:21:20,586 INFO 1345 [egg-schedule]: register schedule /Users/chengyuhan/学习/egg-example/node_modules/egg-logrotator/app/schedule/clean_log.js
2020-12-15 00:21:20,586 INFO 1345 [egg-schedule]: register schedule /Users/chengyuhan/学习/egg-example/node_modules/egg-logrotator/app/schedule/rotate_by_file.js
2020-12-15 00:21:25,977 INFO 1347 [egg-schedule]: register schedule /Users/chengyuhan/学习/egg-example/node_modules/egg-multipart/app/schedule/clean_tmpdir.js
2020-12-15 00:21:25,977 INFO 1347 [egg-schedule]: register schedule /Users/chengyuhan/学习/egg-example/node_modules/egg-logrotator/app/schedule/clean_log.js
2020-12-15 00:21:25,977 INFO 1347 [egg-schedule]: register schedule /Users/chengyuhan/学习/egg-example/node_modules/egg-logrotator/app/schedule/rotate_by_file.js
2020-12-15 00:21:32,766 INFO 1350 [egg-schedule]: register schedule /Users/chengyuhan/学习/egg-example/node_modules/egg-multipart/app/schedule/clean_tmpdir.js
2020-12-15 00:21:32,766 INFO 1350 [egg-schedule]: register schedule /Users/chengyuhan/学习/egg-example/node_modules/egg-logrotator/app/schedule/clean_log.js
2020-12-15 00:21:32,766 INFO 1350 [egg-schedule]: register schedule /Users/chengyuhan/学习/egg-example/node_modules/egg-logrotator/app/schedule/rotate_by_file.js
2020-12-15 00:21:35,863 INFO 1352 [egg-schedule]: register schedule /Users/chengyuhan/学习/egg-example/node_modules/egg-multipart/app/schedule/clean_tmpdir.js
2020-12-15 00:21:35,863 INFO 1352 [egg-schedule]: register schedule /Users/chengyuhan/学习/egg-example/node_modules/egg-logrotator/app/schedule/clean_log.js
2020-12-15 00:21:35,863 INFO 1352 [egg-schedule]: register schedule /Users/chengyuhan/学习/egg-example/node_modules/egg-logrotator/app/schedule/rotate_by_file.js
2020-12-15 00:21:43,195 INFO 1356 [egg-schedule]: register schedule /Users/chengyuhan/学习/egg-example/node_modules/egg-multipart/app/schedule/clean_tmpdir.js
2020-12-15 00:21:43,195 INFO 1356 [egg-schedule]: register schedule /Users/chengyuhan/学习/egg-example/node_modules/egg-logrotator/app/schedule/clean_log.js
2020-12-15 00:21:43,195 INFO 1356 [egg-schedule]: register schedule /Users/chengyuhan/学习/egg-example/node_modules/egg-logrotator/app/schedule/rotate_by_file.js
2020-12-15 00:21:47,312 INFO 1357 [egg-schedule]: register schedule /Users/chengyuhan/学习/egg-example/node_modules/egg-multipart/app/schedule/clean_tmpdir.js
2020-12-15 00:21:47,312 INFO 1357 [egg-schedule]: register schedule /Users/chengyuhan/学习/egg-example/node_modules/egg-logrotator/app/schedule/clean_log.js
2020-12-15 00:21:47,312 INFO 1357 [egg-schedule]: register schedule /Users/chengyuhan/学习/egg-example/node_modules/egg-logrotator/app/schedule/rotate_by_file.js
2020-12-15 00:22:40,210 INFO 1358 [egg-schedule]: register schedule /Users/chengyuhan/学习/egg-example/node_modules/egg-multipart/app/schedule/clean_tmpdir.js
2020-12-15 00:22:40,210 INFO 1358 [egg-schedule]: register schedule /Users/chengyuhan/学习/egg-example/node_modules/egg-logrotator/app/schedule/clean_log.js
2020-12-15 00:22:40,210 INFO 1358 [egg-schedule]: register schedule /Users/chengyuhan/学习/egg-example/node_modules/egg-logrotator/app/schedule/rotate_by_file.js
2020-12-15 00:22:41,118 INFO 1359 [egg-schedule]: register schedule /Users/chengyuhan/学习/egg-example/node_modules/egg-multipart/app/schedule/clean_tmpdir.js
2020-12-15 00:22:41,118 INFO 1359 [egg-schedule]: register schedule /Users/chengyuhan/学习/egg-example/node_modules/egg-logrotator/app/schedule/clean_log.js
2020-12-15 00:22:41,118 INFO 1359 [egg-schedule]: register schedule /Users/chengyuhan/学习/egg-example/node_modules/egg-logrotator/app/schedule/rotate_by_file.js
2020-12-15 00:23:48,087 INFO 1370 [egg-schedule]: register schedule /Users/chengyuhan/学习/egg-example/node_modules/egg-multipart/app/schedule/clean_tmpdir.js
2020-12-15 00:23:48,087 INFO 1370 [egg-schedule]: register schedule /Users/chengyuhan/学习/egg-example/node_modules/egg-logrotator/app/schedule/clean_log.js
2020-12-15 00:23:48,087 INFO 1370 [egg-schedule]: register schedule /Users/chengyuhan/学习/egg-example/node_modules/egg-logrotator/app/schedule/rotate_by_file.js
2020-12-15 00:23:51,575 INFO 1371 [egg-schedule]: register schedule /Users/chengyuhan/学习/egg-example/node_modules/egg-multipart/app/schedule/clean_tmpdir.js
2020-12-15 00:23:51,575 INFO 1371 [egg-schedule]: register schedule /Users/chengyuhan/学习/egg-example/node_modules/egg-logrotator/app/schedule/clean_log.js
2020-12-15 00:23:51,575 INFO 1371 [egg-schedule]: register schedule /Users/chengyuhan/学习/egg-example/node_modules/egg-logrotator/app/schedule/rotate_by_file.js
2020-12-15 00:24:34,312 INFO 1374 [egg-schedule]: register schedule /Users/chengyuhan/学习/egg-example/node_modules/egg-multipart/app/schedule/clean_tmpdir.js
2020-12-15 00:24:34,312 INFO 1374 [egg-schedule]: register schedule /Users/chengyuhan/学习/egg-example/node_modules/egg-logrotator/app/schedule/clean_log.js
2020-12-15 00:24:34,312 INFO 1374 [egg-schedule]: register schedule /Users/chengyuhan/学习/egg-example/node_modules/egg-logrotator/app/schedule/rotate_by_file.js
2020-12-15 00:24:35,490 INFO 1375 [egg-schedule]: register schedule /Users/chengyuhan/学习/egg-example/node_modules/egg-multipart/app/schedule/clean_tmpdir.js
2020-12-15 00:24:35,490 INFO 1375 [egg-schedule]: register schedule /Users/chengyuhan/学习/egg-example/node_modules/egg-logrotator/app/schedule/clean_log.js
2020-12-15 00:24:35,490 INFO 1375 [egg-schedule]: register schedule /Users/chengyuhan/学习/egg-example/node_modules/egg-logrotator/app/schedule/rotate_by_file.js
2020-12-15 00:25:34,951 INFO 1384 [egg-schedule]: register schedule /Users/chengyuhan/学习/egg-example/node_modules/egg-multipart/app/schedule/clean_tmpdir.js
2020-12-15 00:25:34,951 INFO 1384 [egg-schedule]: register schedule /Users/chengyuhan/学习/egg-example/node_modules/egg-logrotator/app/schedule/clean_log.js
2020-12-15 00:25:34,951 INFO 1384 [egg-schedule]: register schedule /Users/chengyuhan/学习/egg-example/node_modules/egg-logrotator/app/schedule/rotate_by_file.js
2020-12-15 00:26:18,321 INFO 1388 [egg-schedule]: register schedule /Users/chengyuhan/学习/egg-example/node_modules/egg-multipart/app/schedule/clean_tmpdir.js
2020-12-15 00:26:18,321 INFO 1388 [egg-schedule]: register schedule /Users/chengyuhan/学习/egg-example/node_modules/egg-logrotator/app/schedule/clean_log.js
2020-12-15 00:26:18,321 INFO 1388 [egg-schedule]: register schedule /Users/chengyuhan/学习/egg-example/node_modules/egg-logrotator/app/schedule/rotate_by_file.js
2020-12-15 00:27:09,540 INFO 1390 [egg-schedule]: register schedule /Users/chengyuhan/学习/egg-example/node_modules/egg-multipart/app/schedule/clean_tmpdir.js
2020-12-15 00:27:09,540 INFO 1390 [egg-schedule]: register schedule /Users/chengyuhan/学习/egg-example/node_modules/egg-logrotator/app/schedule/clean_log.js
2020-12-15 00:27:09,540 INFO 1390 [egg-schedule]: register schedule /Users/chengyuhan/学习/egg-example/node_modules/egg-logrotator/app/schedule/rotate_by_file.js
2020-12-15 00:27:32,708 INFO 1605 [egg-schedule]: register schedule /Users/chengyuhan/学习/egg-example/node_modules/egg-multipart/app/schedule/clean_tmpdir.js
2020-12-15 00:27:32,708 INFO 1605 [egg-schedule]: register schedule /Users/chengyuhan/学习/egg-example/node_modules/egg-logrotator/app/schedule/clean_log.js
2020-12-15 00:27:32,708 INFO 1605 [egg-schedule]: register schedule /Users/chengyuhan/学习/egg-example/node_modules/egg-logrotator/app/schedule/rotate_by_file.js
2020-12-15 00:28:55,667 INFO 1609 [egg-schedule]: register schedule /Users/chengyuhan/学习/egg-example/node_modules/egg-multipart/app/schedule/clean_tmpdir.js
2020-12-15 00:28:55,667 INFO 1609 [egg-schedule]: register schedule /Users/chengyuhan/学习/egg-example/node_modules/egg-logrotator/app/schedule/clean_log.js
2020-12-15 00:28:55,667 INFO 1609 [egg-schedule]: register schedule /Users/chengyuhan/学习/egg-example/node_modules/egg-logrotator/app/schedule/rotate_by_file.js
2020-12-15 00:31:22,629 INFO 1646 [egg-schedule]: register schedule /Users/chengyuhan/学习/egg-example/node_modules/egg-multipart/app/schedule/clean_tmpdir.js
2020-12-15 00:31:22,629 INFO 1646 [egg-schedule]: register schedule /Users/chengyuhan/学习/egg-example/node_modules/egg-logrotator/app/schedule/clean_log.js
2020-12-15 00:31:22,629 INFO 1646 [egg-schedule]: register schedule /Users/chengyuhan/学习/egg-example/node_modules/egg-logrotator/app/schedule/rotate_by_file.js
2020-12-15 00:31:26,672 INFO 1649 [egg-schedule]: register schedule /Users/chengyuhan/学习/egg-example/node_modules/egg-multipart/app/schedule/clean_tmpdir.js
2020-12-15 00:31:26,672 INFO 1649 [egg-schedule]: register schedule /Users/chengyuhan/学习/egg-example/node_modules/egg-logrotator/app/schedule/clean_log.js
2020-12-15 00:31:26,672 INFO 1649 [egg-schedule]: register schedule /Users/chengyuhan/学习/egg-example/node_modules/egg-logrotator/app/schedule/rotate_by_file.js
2020-12-15 00:31:42,351 INFO 1653 [egg-schedule]: register schedule /Users/chengyuhan/学习/egg-example/node_modules/egg-multipart/app/schedule/clean_tmpdir.js
2020-12-15 00:31:42,351 INFO 1653 [egg-schedule]: register schedule /Users/chengyuhan/学习/egg-example/node_modules/egg-logrotator/app/schedule/clean_log.js
2020-12-15 00:31:42,351 INFO 1653 [egg-schedule]: register schedule /Users/chengyuhan/学习/egg-example/node_modules/egg-logrotator/app/schedule/rotate_by_file.js
2020-12-15 00:35:53,972 INFO 1679 [egg-schedule]: register schedule /Users/chengyuhan/学习/egg-example/node_modules/egg-multipart/app/schedule/clean_tmpdir.js
2020-12-15 00:35:53,972 INFO 1679 [egg-schedule]: register schedule /Users/chengyuhan/学习/egg-example/node_modules/egg-logrotator/app/schedule/clean_log.js
2020-12-15 00:35:53,972 INFO 1679 [egg-schedule]: register schedule /Users/chengyuhan/学习/egg-example/node_modules/egg-logrotator/app/schedule/rotate_by_file.js
2020-12-15 00:37:05,548 INFO 1687 [egg-schedule]: register schedule /Users/chengyuhan/学习/egg-example/node_modules/egg-multipart/app/schedule/clean_tmpdir.js
2020-12-15 00:37:05,548 INFO 1687 [egg-schedule]: register schedule /Users/chengyuhan/学习/egg-example/node_modules/egg-logrotator/app/schedule/clean_log.js
2020-12-15 00:37:05,548 INFO 1687 [egg-schedule]: register schedule /Users/chengyuhan/学习/egg-example/node_modules/egg-logrotator/app/schedule/rotate_by_file.js
2020-12-15 00:37:17,135 INFO 1691 [egg-schedule]: register schedule /Users/chengyuhan/学习/egg-example/node_modules/egg-multipart/app/schedule/clean_tmpdir.js
2020-12-15 00:37:17,135 INFO 1691 [egg-schedule]: register schedule /Users/chengyuhan/学习/egg-example/node_modules/egg-logrotator/app/schedule/clean_log.js
2020-12-15 00:37:17,135 INFO 1691 [egg-schedule]: register schedule /Users/chengyuhan/学习/egg-example/node_modules/egg-logrotator/app/schedule/rotate_by_file.js
2020-12-15 00:37:47,776 INFO 1694 [egg-schedule]: register schedule /Users/chengyuhan/学习/egg-example/node_modules/egg-multipart/app/schedule/clean_tmpdir.js
2020-12-15 00:37:47,776 INFO 1694 [egg-schedule]: register schedule /Users/chengyuhan/学习/egg-example/node_modules/egg-logrotator/app/schedule/clean_log.js
2020-12-15 00:37:47,776 INFO 1694 [egg-schedule]: register schedule /Users/chengyuhan/学习/egg-example/node_modules/egg-logrotator/app/schedule/rotate_by_file.js
2020-12-15 00:39:40,682 INFO 1717 [egg-schedule]: register schedule /Users/chengyuhan/学习/egg-example/node_modules/egg-multipart/app/schedule/clean_tmpdir.js
2020-12-15 00:39:40,682 INFO 1717 [egg-schedule]: register schedule /Users/chengyuhan/学习/egg-example/node_modules/egg-logrotator/app/schedule/clean_log.js
2020-12-15 00:39:40,682 INFO 1717 [egg-schedule]: register schedule /Users/chengyuhan/学习/egg-example/node_modules/egg-logrotator/app/schedule/rotate_by_file.js
2020-12-15 00:39:46,337 INFO 1718 [egg-schedule]: register schedule /Users/chengyuhan/学习/egg-example/node_modules/egg-multipart/app/schedule/clean_tmpdir.js
2020-12-15 00:39:46,337 INFO 1718 [egg-schedule]: register schedule /Users/chengyuhan/学习/egg-example/node_modules/egg-logrotator/app/schedule/clean_log.js
2020-12-15 00:39:46,337 INFO 1718 [egg-schedule]: register schedule /Users/chengyuhan/学习/egg-example/node_modules/egg-logrotator/app/schedule/rotate_by_file.js
2020-12-15 00:39:49,660 INFO 1719 [egg-schedule]: register schedule /Users/chengyuhan/学习/egg-example/node_modules/egg-multipart/app/schedule/clean_tmpdir.js
2020-12-15 00:39:49,660 INFO 1719 [egg-schedule]: register schedule /Users/chengyuhan/学习/egg-example/node_modules/egg-logrotator/app/schedule/clean_log.js
2020-12-15 00:39:49,660 INFO 1719 [egg-schedule]: register schedule /Users/chengyuhan/学习/egg-example/node_modules/egg-logrotator/app/schedule/rotate_by_file.js
2020-12-15 00:40:16,637 INFO 1722 [egg-schedule]: register schedule /Users/chengyuhan/学习/egg-example/node_modules/egg-multipart/app/schedule/clean_tmpdir.js
2020-12-15 00:40:16,638 INFO 1722 [egg-schedule]: register schedule /Users/chengyuhan/学习/egg-example/node_modules/egg-logrotator/app/schedule/clean_log.js
2020-12-15 00:40:16,638 INFO 1722 [egg-schedule]: register schedule /Users/chengyuhan/学习/egg-example/node_modules/egg-logrotator/app/schedule/rotate_by_file.js
2020-12-15 00:40:52,020 INFO 1725 [egg-schedule]: register schedule /Users/chengyuhan/学习/egg-example/node_modules/egg-multipart/app/schedule/clean_tmpdir.js
2020-12-15 00:40:52,020 INFO 1725 [egg-schedule]: register schedule /Users/chengyuhan/学习/egg-example/node_modules/egg-logrotator/app/schedule/clean_log.js
2020-12-15 00:40:52,020 INFO 1725 [egg-schedule]: register schedule /Users/chengyuhan/学习/egg-example/node_modules/egg-logrotator/app/schedule/rotate_by_file.js
2020-12-15 00:41:48,528 INFO 1740 [Timer] /Users/chengyuhan/学习/egg-example/node_modules/egg-multipart/app/schedule/clean_tmpdir.js next time will execute after 13691473ms at 2020-12-15 04:30:00.001
2020-12-15 00:41:48,529 INFO 1740 [Timer] /Users/chengyuhan/学习/egg-example/node_modules/egg-logrotator/app/schedule/clean_log.js next time will execute after 83891472ms at 2020-12-16 00:00:00.001
2020-12-15 00:41:48,530 INFO 1740 [Timer] /Users/chengyuhan/学习/egg-example/node_modules/egg-logrotator/app/schedule/rotate_by_file.js next time will execute after 83892471ms at 2020-12-16 00:00:01.001
2020-12-15 00:41:48,442 INFO 1741 [egg-schedule]: register schedule /Users/chengyuhan/学习/egg-example/node_modules/egg-multipart/app/schedule/clean_tmpdir.js
2020-12-15 00:41:48,442 INFO 1741 [egg-schedule]: register schedule /Users/chengyuhan/学习/egg-example/node_modules/egg-logrotator/app/schedule/clean_log.js
2020-12-15 00:41:48,442 INFO 1741 [egg-schedule]: register schedule /Users/chengyuhan/学习/egg-example/node_modules/egg-logrotator/app/schedule/rotate_by_file.js
2020-12-15 00:44:16,237 INFO 2475 [Timer] /Users/chengyuhan/学习/egg-example/node_modules/egg-multipart/app/schedule/clean_tmpdir.js next time will execute after 13543764ms at 2020-12-15 04:30:00.001
2020-12-15 00:44:16,238 INFO 2475 [Timer] /Users/chengyuhan/学习/egg-example/node_modules/egg-logrotator/app/schedule/clean_log.js next time will execute after 83743762ms at 2020-12-16 00:00:00.000
2020-12-15 00:44:16,239 INFO 2475 [Timer] /Users/chengyuhan/学习/egg-example/node_modules/egg-logrotator/app/schedule/rotate_by_file.js next time will execute after 83744762ms at 2020-12-16 00:00:01.001
2020-12-15 00:44:16,152 INFO 2476 [egg-schedule]: register schedule /Users/chengyuhan/学习/egg-example/node_modules/egg-multipart/app/schedule/clean_tmpdir.js
2020-12-15 00:44:16,152 INFO 2476 [egg-schedule]: register schedule /Users/chengyuhan/学习/egg-example/node_modules/egg-logrotator/app/schedule/clean_log.js
2020-12-15 00:44:16,152 INFO 2476 [egg-schedule]: register schedule /Users/chengyuhan/学习/egg-example/node_modules/egg-logrotator/app/schedule/rotate_by_file.js
2020-12-15 00:46:24,073 INFO 2539 [egg-schedule]: register schedule /Users/chengyuhan/学习/egg-example/node_modules/egg-multipart/app/schedule/clean_tmpdir.js
2020-12-15 00:46:24,073 INFO 2539 [egg-schedule]: register schedule /Users/chengyuhan/学习/egg-example/node_modules/egg-logrotator/app/schedule/clean_log.js
2020-12-15 00:46:24,073 INFO 2539 [egg-schedule]: register schedule /Users/chengyuhan/学习/egg-example/node_modules/egg-logrotator/app/schedule/rotate_by_file.js
2020-12-15 00:46:36,559 INFO 2548 [egg-schedule]: register schedule /Users/chengyuhan/学习/egg-example/node_modules/egg-multipart/app/schedule/clean_tmpdir.js
2020-12-15 00:46:36,559 INFO 2548 [egg-schedule]: register schedule /Users/chengyuhan/学习/egg-example/node_modules/egg-logrotator/app/schedule/clean_log.js
2020-12-15 00:46:36,559 INFO 2548 [egg-schedule]: register schedule /Users/chengyuhan/学习/egg-example/node_modules/egg-logrotator/app/schedule/rotate_by_file.js
2020-12-15 00:47:03,691 INFO 2559 [egg-schedule]: register schedule /Users/chengyuhan/学习/egg-example/node_modules/egg-multipart/app/schedule/clean_tmpdir.js
2020-12-15 00:47:03,691 INFO 2559 [egg-schedule]: register schedule /Users/chengyuhan/学习/egg-example/node_modules/egg-logrotator/app/schedule/clean_log.js
2020-12-15 00:47:03,691 INFO 2559 [egg-schedule]: register schedule /Users/chengyuhan/学习/egg-example/node_modules/egg-logrotator/app/schedule/rotate_by_file.js
2020-12-15 00:49:12,231 INFO 2567 [egg-schedule]: register schedule /Users/chengyuhan/学习/egg-example/node_modules/egg-multipart/app/schedule/clean_tmpdir.js
2020-12-15 00:49:12,231 INFO 2567 [egg-schedule]: register schedule /Users/chengyuhan/学习/egg-example/node_modules/egg-logrotator/app/schedule/clean_log.js
2020-12-15 00:49:12,231 INFO 2567 [egg-schedule]: register schedule /Users/chengyuhan/学习/egg-example/node_modules/egg-logrotator/app/schedule/rotate_by_file.js
2020-12-15 00:54:29,311 INFO 2586 [Timer] /Users/chengyuhan/学习/egg-example/node_modules/egg-multipart/app/schedule/clean_tmpdir.js next time will execute after 12930692ms at 2020-12-15 04:30:00.003
2020-12-15 00:54:29,312 INFO 2586 [Timer] /Users/chengyuhan/学习/egg-example/node_modules/egg-logrotator/app/schedule/clean_log.js next time will execute after 83130689ms at 2020-12-16 00:00:00.001
2020-12-15 00:54:29,312 INFO 2586 [Timer] /Users/chengyuhan/学习/egg-example/node_modules/egg-logrotator/app/schedule/rotate_by_file.js next time will execute after 83131688ms at 2020-12-16 00:00:01.000
2020-12-15 00:54:29,130 INFO 2587 [egg-schedule]: register schedule /Users/chengyuhan/学习/egg-example/node_modules/egg-multipart/app/schedule/clean_tmpdir.js
2020-12-15 00:54:29,130 INFO 2587 [egg-schedule]: register schedule /Users/chengyuhan/学习/egg-example/node_modules/egg-logrotator/app/schedule/clean_log.js
2020-12-15 00:54:29,130 INFO 2587 [egg-schedule]: register schedule /Users/chengyuhan/学习/egg-example/node_modules/egg-logrotator/app/schedule/rotate_by_file.js
2020-12-15 00:57:28,879 INFO 2598 [Timer] /Users/chengyuhan/学习/egg-example/node_modules/egg-multipart/app/schedule/clean_tmpdir.js next time will execute after 12751123ms at 2020-12-15 04:30:00.002
2020-12-15 00:57:28,880 INFO 2598 [Timer] /Users/chengyuhan/学习/egg-example/node_modules/egg-logrotator/app/schedule/clean_log.js next time will execute after 82951121ms at 2020-12-16 00:00:00.001
2020-12-15 00:57:28,880 INFO 2598 [Timer] /Users/chengyuhan/学习/egg-example/node_modules/egg-logrotator/app/schedule/rotate_by_file.js next time will execute after 82952120ms at 2020-12-16 00:00:01.000
2020-12-15 00:57:28,705 INFO 2599 [egg-schedule]: register schedule /Users/chengyuhan/学习/egg-example/node_modules/egg-multipart/app/schedule/clean_tmpdir.js
2020-12-15 00:57:28,705 INFO 2599 [egg-schedule]: register schedule /Users/chengyuhan/学习/egg-example/node_modules/egg-logrotator/app/schedule/clean_log.js
2020-12-15 00:57:28,705 INFO 2599 [egg-schedule]: register schedule /Users/chengyuhan/学习/egg-example/node_modules/egg-logrotator/app/schedule/rotate_by_file.js
2020-12-15 00:57:44,975 INFO 2601 [egg-schedule]: register schedule /Users/chengyuhan/学习/egg-example/node_modules/egg-multipart/app/schedule/clean_tmpdir.js
2020-12-15 00:57:44,975 INFO 2601 [egg-schedule]: register schedule /Users/chengyuhan/学习/egg-example/node_modules/egg-logrotator/app/schedule/clean_log.js
2020-12-15 00:57:44,975 INFO 2601 [egg-schedule]: register schedule /Users/chengyuhan/学习/egg-example/node_modules/egg-logrotator/app/schedule/rotate_by_file.js
2020-12-15 00:58:31,751 INFO 2607 [Timer] /Users/chengyuhan/学习/egg-example/node_modules/egg-multipart/app/schedule/clean_tmpdir.js next time will execute after 12688252ms at 2020-12-15 04:30:00.003
2020-12-15 00:58:31,752 INFO 2607 [Timer] /Users/chengyuhan/学习/egg-example/node_modules/egg-logrotator/app/schedule/clean_log.js next time will execute after 82888249ms at 2020-12-16 00:00:00.001
2020-12-15 00:58:31,752 INFO 2607 [Timer] /Users/chengyuhan/学习/egg-example/node_modules/egg-logrotator/app/schedule/rotate_by_file.js next time will execute after 82889248ms at 2020-12-16 00:00:01.000
2020-12-15 00:58:31,596 INFO 2608 [egg-schedule]: register schedule /Users/chengyuhan/学习/egg-example/node_modules/egg-multipart/app/schedule/clean_tmpdir.js
2020-12-15 00:58:31,596 INFO 2608 [egg-schedule]: register schedule /Users/chengyuhan/学习/egg-example/node_modules/egg-logrotator/app/schedule/clean_log.js
2020-12-15 00:58:31,596 INFO 2608 [egg-schedule]: register schedule /Users/chengyuhan/学习/egg-example/node_modules/egg-logrotator/app/schedule/rotate_by_file.js
