2020-12-15 00:00:58,289 INFO 964 [egg:logger] init all loggers with options: {"dir":"/Users/chengyuhan/学习/egg-example/logs/egg-example","encoding":"utf8","env":"local","level":"INFO","consoleLevel":"INFO","disableConsoleAfterReady":false,"outputJSON":false,"buffer":true,"appLogName":"egg-example-web.log","coreLogName":"egg-web.log","agentLogName":"egg-agent.log","errorLogName":"common-error.log","coreLogger":{"consoleLevel":"WARN"},"allowDebugAtProd":false,"type":"application"}
2020-12-15 00:00:58,319 INFO 964 [egg-multipart] stream mode enable
2020-12-15 00:00:58,385 INFO 964 [egg-static] starting static serve /public/ -> /Users/chengyuhan/学习/egg-example/app/public
2020-12-15 00:00:58,387 INFO 964 [egg-security] use csrf middleware
2020-12-15 00:00:58,388 INFO 964 [egg-security] use methodnoallow middleware
2020-12-15 00:00:58,388 INFO 964 [egg-security] use noopen middleware
2020-12-15 00:00:58,389 INFO 964 [egg-security] use nosniff middleware
2020-12-15 00:00:58,389 INFO 964 [egg-security] use xssProtection middleware
2020-12-15 00:00:58,389 INFO 964 [egg-security] use xframe middleware
2020-12-15 00:00:58,390 INFO 964 [egg-security] use dta middleware
2020-12-15 00:00:58,390 INFO 964 [egg-security] compose 7 middlewares into one security middleware
2020-12-15 00:00:58,399 INFO 964 [egg:core] dump config after load, 6ms
2020-12-15 00:00:58,412 INFO 964 [egg-watcher:application] watcher start success
2020-12-15 00:00:58,424 INFO 964 [egg:core] dump config after ready, 10ms
2020-12-15 00:15:03,274 INFO 1249 [egg:logger] init all loggers with options: {"dir":"/Users/chengyuhan/学习/egg-example/logs/egg-example","encoding":"utf8","env":"local","level":"INFO","consoleLevel":"INFO","disableConsoleAfterReady":false,"outputJSON":false,"buffer":true,"appLogName":"egg-example-web.log","coreLogName":"egg-web.log","agentLogName":"egg-agent.log","errorLogName":"common-error.log","coreLogger":{"consoleLevel":"WARN"},"allowDebugAtProd":false,"type":"application"}
2020-12-15 00:15:03,299 INFO 1249 [egg-multipart] stream mode enable
2020-12-15 00:15:03,411 INFO 1249 [egg-static] starting static serve /public/ -> /Users/chengyuhan/学习/egg-example/app/public
2020-12-15 00:15:03,413 INFO 1249 [egg-security] use csrf middleware
2020-12-15 00:15:03,414 INFO 1249 [egg-security] use methodnoallow middleware
2020-12-15 00:15:03,415 INFO 1249 [egg-security] use noopen middleware
2020-12-15 00:15:03,416 INFO 1249 [egg-security] use nosniff middleware
2020-12-15 00:15:03,417 INFO 1249 [egg-security] use xssProtection middleware
2020-12-15 00:15:03,417 INFO 1249 [egg-security] use xframe middleware
2020-12-15 00:15:03,418 INFO 1249 [egg-security] use dta middleware
2020-12-15 00:15:03,418 INFO 1249 [egg-security] compose 7 middlewares into one security middleware
2020-12-15 00:15:03,426 INFO 1249 [egg:core] dump config after load, 4ms
2020-12-15 00:15:03,435 INFO 1249 [egg-watcher:application] watcher start success
2020-12-15 00:15:03,441 INFO 1249 [egg:core] dump config after ready, 4ms
2020-12-15 00:15:10,364 INFO 1253 [egg:logger] init all loggers with options: {"dir":"/Users/chengyuhan/学习/egg-example/logs/egg-example","encoding":"utf8","env":"local","level":"INFO","consoleLevel":"INFO","disableConsoleAfterReady":false,"outputJSON":false,"buffer":true,"appLogName":"egg-example-web.log","coreLogName":"egg-web.log","agentLogName":"egg-agent.log","errorLogName":"common-error.log","coreLogger":{"consoleLevel":"WARN"},"allowDebugAtProd":false,"type":"application"}
2020-12-15 00:15:10,391 INFO 1253 [egg-multipart] stream mode enable
2020-12-15 00:15:10,495 INFO 1253 [egg-static] starting static serve /public/ -> /Users/chengyuhan/学习/egg-example/app/public
2020-12-15 00:15:10,498 INFO 1253 [egg-security] use csrf middleware
2020-12-15 00:15:10,498 INFO 1253 [egg-security] use methodnoallow middleware
2020-12-15 00:15:10,499 INFO 1253 [egg-security] use noopen middleware
2020-12-15 00:15:10,500 INFO 1253 [egg-security] use nosniff middleware
2020-12-15 00:15:10,500 INFO 1253 [egg-security] use xssProtection middleware
2020-12-15 00:15:10,501 INFO 1253 [egg-security] use xframe middleware
2020-12-15 00:15:10,501 INFO 1253 [egg-security] use dta middleware
2020-12-15 00:15:10,501 INFO 1253 [egg-security] compose 7 middlewares into one security middleware
2020-12-15 00:15:10,508 INFO 1253 [egg:core] dump config after load, 3ms
2020-12-15 00:15:10,516 INFO 1253 [egg-watcher:application] watcher start success
2020-12-15 00:15:10,522 INFO 1253 [egg:core] dump config after ready, 4ms
2020-12-15 00:19:16,781 INFO 1320 [egg:logger] init all loggers with options: {"dir":"/Users/chengyuhan/学习/egg-example/logs/egg-example","encoding":"utf8","env":"local","level":"INFO","consoleLevel":"INFO","disableConsoleAfterReady":false,"outputJSON":false,"buffer":true,"appLogName":"egg-example-web.log","coreLogName":"egg-web.log","agentLogName":"egg-agent.log","errorLogName":"common-error.log","coreLogger":{"consoleLevel":"WARN"},"allowDebugAtProd":false,"type":"application"}
2020-12-15 00:19:16,846 INFO 1320 [egg-multipart] stream mode enable
2020-12-15 00:19:17,100 INFO 1320 [egg-static] starting static serve /public/ -> /Users/chengyuhan/学习/egg-example/app/public
2020-12-15 00:19:17,103 INFO 1320 [egg-security] use csrf middleware
2020-12-15 00:19:17,107 INFO 1320 [egg-security] use methodnoallow middleware
2020-12-15 00:19:17,113 INFO 1320 [egg-security] use noopen middleware
2020-12-15 00:19:17,115 INFO 1320 [egg-security] use nosniff middleware
2020-12-15 00:19:17,117 INFO 1320 [egg-security] use xssProtection middleware
2020-12-15 00:19:17,118 INFO 1320 [egg-security] use xframe middleware
2020-12-15 00:19:17,119 INFO 1320 [egg-security] use dta middleware
2020-12-15 00:19:17,119 INFO 1320 [egg-security] compose 7 middlewares into one security middleware
2020-12-15 00:19:17,130 INFO 1320 [egg:core] dump config after load, 8ms
2020-12-15 00:19:17,141 INFO 1320 [egg-watcher:application] watcher start success
2020-12-15 00:19:17,153 INFO 1320 [egg:core] dump config after ready, 10ms
2020-12-15 00:19:26,380 INFO 1326 [egg:logger] init all loggers with options: {"dir":"/Users/chengyuhan/学习/egg-example/logs/egg-example","encoding":"utf8","env":"local","level":"INFO","consoleLevel":"INFO","disableConsoleAfterReady":false,"outputJSON":false,"buffer":true,"appLogName":"egg-example-web.log","coreLogName":"egg-web.log","agentLogName":"egg-agent.log","errorLogName":"common-error.log","coreLogger":{"consoleLevel":"WARN"},"allowDebugAtProd":false,"type":"application"}
2020-12-15 00:19:26,409 INFO 1326 [egg-multipart] stream mode enable
2020-12-15 00:19:26,515 INFO 1326 [egg-static] starting static serve /public/ -> /Users/chengyuhan/学习/egg-example/app/public
2020-12-15 00:19:26,517 INFO 1326 [egg-security] use csrf middleware
2020-12-15 00:19:26,517 INFO 1326 [egg-security] use methodnoallow middleware
2020-12-15 00:19:26,518 INFO 1326 [egg-security] use noopen middleware
2020-12-15 00:19:26,518 INFO 1326 [egg-security] use nosniff middleware
2020-12-15 00:19:26,519 INFO 1326 [egg-security] use xssProtection middleware
2020-12-15 00:19:26,519 INFO 1326 [egg-security] use xframe middleware
2020-12-15 00:19:26,520 INFO 1326 [egg-security] use dta middleware
2020-12-15 00:19:26,520 INFO 1326 [egg-security] compose 7 middlewares into one security middleware
2020-12-15 00:19:26,527 INFO 1326 [egg:core] dump config after load, 4ms
2020-12-15 00:19:26,536 INFO 1326 [egg-watcher:application] watcher start success
2020-12-15 00:19:26,541 INFO 1326 [egg:core] dump config after ready, 3ms
2020-12-15 00:20:43,757 INFO 1333 [egg:logger] init all loggers with options: {"dir":"/Users/chengyuhan/学习/egg-example/logs/egg-example","encoding":"utf8","env":"local","level":"INFO","consoleLevel":"INFO","disableConsoleAfterReady":false,"outputJSON":false,"buffer":true,"appLogName":"egg-example-web.log","coreLogName":"egg-web.log","agentLogName":"egg-agent.log","errorLogName":"common-error.log","coreLogger":{"consoleLevel":"WARN"},"allowDebugAtProd":false,"type":"application"}
2020-12-15 00:20:43,787 INFO 1333 [egg-multipart] stream mode enable
2020-12-15 00:20:43,921 INFO 1333 [egg-static] starting static serve /public/ -> /Users/chengyuhan/学习/egg-example/app/public
2020-12-15 00:20:43,923 INFO 1333 [egg-security] use csrf middleware
2020-12-15 00:20:43,923 INFO 1333 [egg-security] use methodnoallow middleware
2020-12-15 00:20:43,923 INFO 1333 [egg-security] use noopen middleware
2020-12-15 00:20:43,924 INFO 1333 [egg-security] use nosniff middleware
2020-12-15 00:20:43,924 INFO 1333 [egg-security] use xssProtection middleware
2020-12-15 00:20:43,924 INFO 1333 [egg-security] use xframe middleware
2020-12-15 00:20:43,925 INFO 1333 [egg-security] use dta middleware
2020-12-15 00:20:43,925 INFO 1333 [egg-security] compose 7 middlewares into one security middleware
2020-12-15 00:20:43,934 INFO 1333 [egg:core] dump config after load, 3ms
2020-12-15 00:20:43,942 INFO 1333 [egg-watcher:application] watcher start success
2020-12-15 00:20:43,948 INFO 1333 [egg:core] dump config after ready, 5ms
2020-12-15 00:21:11,240 INFO 1338 [egg:logger] init all loggers with options: {"dir":"/Users/chengyuhan/学习/egg-example/logs/egg-example","encoding":"utf8","env":"local","level":"INFO","consoleLevel":"INFO","disableConsoleAfterReady":false,"outputJSON":false,"buffer":true,"appLogName":"egg-example-web.log","coreLogName":"egg-web.log","agentLogName":"egg-agent.log","errorLogName":"common-error.log","coreLogger":{"consoleLevel":"WARN"},"allowDebugAtProd":false,"type":"application"}
2020-12-15 00:21:11,288 INFO 1338 [egg-multipart] stream mode enable
2020-12-15 00:21:11,400 INFO 1338 [egg-static] starting static serve /public/ -> /Users/chengyuhan/学习/egg-example/app/public
2020-12-15 00:21:11,402 INFO 1338 [egg-security] use csrf middleware
2020-12-15 00:21:11,402 INFO 1338 [egg-security] use methodnoallow middleware
2020-12-15 00:21:11,403 INFO 1338 [egg-security] use noopen middleware
2020-12-15 00:21:11,403 INFO 1338 [egg-security] use nosniff middleware
2020-12-15 00:21:11,403 INFO 1338 [egg-security] use xssProtection middleware
2020-12-15 00:21:11,403 INFO 1338 [egg-security] use xframe middleware
2020-12-15 00:21:11,404 INFO 1338 [egg-security] use dta middleware
2020-12-15 00:21:11,404 INFO 1338 [egg-security] compose 7 middlewares into one security middleware
2020-12-15 00:21:11,412 INFO 1338 [egg:core] dump config after load, 3ms
2020-12-15 00:21:11,420 INFO 1338 [egg-watcher:application] watcher start success
2020-12-15 00:21:11,425 INFO 1338 [egg:core] dump config after ready, 4ms
2020-12-15 00:21:20,568 INFO 1345 [egg:logger] init all loggers with options: {"dir":"/Users/chengyuhan/学习/egg-example/logs/egg-example","encoding":"utf8","env":"local","level":"INFO","consoleLevel":"INFO","disableConsoleAfterReady":false,"outputJSON":false,"buffer":true,"appLogName":"egg-example-web.log","coreLogName":"egg-web.log","agentLogName":"egg-agent.log","errorLogName":"common-error.log","coreLogger":{"consoleLevel":"WARN"},"allowDebugAtProd":false,"type":"application"}
2020-12-15 00:21:20,586 INFO 1345 [egg-multipart] stream mode enable
2020-12-15 00:21:20,635 INFO 1345 [egg-static] starting static serve /public/ -> /Users/chengyuhan/学习/egg-example/app/public
2020-12-15 00:21:20,637 INFO 1345 [egg-security] use csrf middleware
2020-12-15 00:21:20,637 INFO 1345 [egg-security] use methodnoallow middleware
2020-12-15 00:21:20,637 INFO 1345 [egg-security] use noopen middleware
2020-12-15 00:21:20,638 INFO 1345 [egg-security] use nosniff middleware
2020-12-15 00:21:20,638 INFO 1345 [egg-security] use xssProtection middleware
2020-12-15 00:21:20,638 INFO 1345 [egg-security] use xframe middleware
2020-12-15 00:21:20,638 INFO 1345 [egg-security] use dta middleware
2020-12-15 00:21:20,638 INFO 1345 [egg-security] compose 7 middlewares into one security middleware
2020-12-15 00:21:20,644 INFO 1345 [egg:core] dump config after load, 3ms
2020-12-15 00:21:20,651 INFO 1345 [egg-watcher:application] watcher start success
2020-12-15 00:21:20,657 INFO 1345 [egg:core] dump config after ready, 4ms
2020-12-15 00:21:25,959 INFO 1347 [egg:logger] init all loggers with options: {"dir":"/Users/chengyuhan/学习/egg-example/logs/egg-example","encoding":"utf8","env":"local","level":"INFO","consoleLevel":"INFO","disableConsoleAfterReady":false,"outputJSON":false,"buffer":true,"appLogName":"egg-example-web.log","coreLogName":"egg-web.log","agentLogName":"egg-agent.log","errorLogName":"common-error.log","coreLogger":{"consoleLevel":"WARN"},"allowDebugAtProd":false,"type":"application"}
2020-12-15 00:21:25,977 INFO 1347 [egg-multipart] stream mode enable
2020-12-15 00:21:26,027 INFO 1347 [egg-static] starting static serve /public/ -> /Users/chengyuhan/学习/egg-example/app/public
2020-12-15 00:21:26,028 INFO 1347 [egg-security] use csrf middleware
2020-12-15 00:21:26,029 INFO 1347 [egg-security] use methodnoallow middleware
2020-12-15 00:21:26,029 INFO 1347 [egg-security] use noopen middleware
2020-12-15 00:21:26,029 INFO 1347 [egg-security] use nosniff middleware
2020-12-15 00:21:26,030 INFO 1347 [egg-security] use xssProtection middleware
2020-12-15 00:21:26,030 INFO 1347 [egg-security] use xframe middleware
2020-12-15 00:21:26,030 INFO 1347 [egg-security] use dta middleware
2020-12-15 00:21:26,030 INFO 1347 [egg-security] compose 7 middlewares into one security middleware
2020-12-15 00:21:26,036 INFO 1347 [egg:core] dump config after load, 3ms
2020-12-15 00:21:26,044 INFO 1347 [egg-watcher:application] watcher start success
2020-12-15 00:21:26,050 INFO 1347 [egg:core] dump config after ready, 5ms
2020-12-15 00:21:32,749 INFO 1350 [egg:logger] init all loggers with options: {"dir":"/Users/chengyuhan/学习/egg-example/logs/egg-example","encoding":"utf8","env":"local","level":"INFO","consoleLevel":"INFO","disableConsoleAfterReady":false,"outputJSON":false,"buffer":true,"appLogName":"egg-example-web.log","coreLogName":"egg-web.log","agentLogName":"egg-agent.log","errorLogName":"common-error.log","coreLogger":{"consoleLevel":"WARN"},"allowDebugAtProd":false,"type":"application"}
2020-12-15 00:21:32,767 INFO 1350 [egg-multipart] stream mode enable
2020-12-15 00:21:32,819 INFO 1350 [egg-static] starting static serve /public/ -> /Users/chengyuhan/学习/egg-example/app/public
2020-12-15 00:21:32,820 INFO 1350 [egg-security] use csrf middleware
2020-12-15 00:21:32,821 INFO 1350 [egg-security] use methodnoallow middleware
2020-12-15 00:21:32,821 INFO 1350 [egg-security] use noopen middleware
2020-12-15 00:21:32,821 INFO 1350 [egg-security] use nosniff middleware
2020-12-15 00:21:32,822 INFO 1350 [egg-security] use xssProtection middleware
2020-12-15 00:21:32,822 INFO 1350 [egg-security] use xframe middleware
2020-12-15 00:21:32,823 INFO 1350 [egg-security] use dta middleware
2020-12-15 00:21:32,823 INFO 1350 [egg-security] compose 7 middlewares into one security middleware
2020-12-15 00:21:32,829 INFO 1350 [egg:core] dump config after load, 3ms
2020-12-15 00:21:32,837 INFO 1350 [egg-watcher:application] watcher start success
2020-12-15 00:21:32,843 INFO 1350 [egg:core] dump config after ready, 4ms
2020-12-15 00:21:35,846 INFO 1352 [egg:logger] init all loggers with options: {"dir":"/Users/chengyuhan/学习/egg-example/logs/egg-example","encoding":"utf8","env":"local","level":"INFO","consoleLevel":"INFO","disableConsoleAfterReady":false,"outputJSON":false,"buffer":true,"appLogName":"egg-example-web.log","coreLogName":"egg-web.log","agentLogName":"egg-agent.log","errorLogName":"common-error.log","coreLogger":{"consoleLevel":"WARN"},"allowDebugAtProd":false,"type":"application"}
2020-12-15 00:21:35,864 INFO 1352 [egg-multipart] stream mode enable
2020-12-15 00:21:35,914 INFO 1352 [egg-static] starting static serve /public/ -> /Users/chengyuhan/学习/egg-example/app/public
2020-12-15 00:21:35,916 INFO 1352 [egg-security] use csrf middleware
2020-12-15 00:21:35,916 INFO 1352 [egg-security] use methodnoallow middleware
2020-12-15 00:21:35,916 INFO 1352 [egg-security] use noopen middleware
2020-12-15 00:21:35,917 INFO 1352 [egg-security] use nosniff middleware
2020-12-15 00:21:35,917 INFO 1352 [egg-security] use xssProtection middleware
2020-12-15 00:21:35,917 INFO 1352 [egg-security] use xframe middleware
2020-12-15 00:21:35,917 INFO 1352 [egg-security] use dta middleware
2020-12-15 00:21:35,917 INFO 1352 [egg-security] compose 7 middlewares into one security middleware
2020-12-15 00:21:35,924 INFO 1352 [egg:core] dump config after load, 4ms
2020-12-15 00:21:35,931 INFO 1352 [egg-watcher:application] watcher start success
2020-12-15 00:21:35,937 INFO 1352 [egg:core] dump config after ready, 4ms
2020-12-15 00:21:43,177 INFO 1356 [egg:logger] init all loggers with options: {"dir":"/Users/chengyuhan/学习/egg-example/logs/egg-example","encoding":"utf8","env":"local","level":"INFO","consoleLevel":"INFO","disableConsoleAfterReady":false,"outputJSON":false,"buffer":true,"appLogName":"egg-example-web.log","coreLogName":"egg-web.log","agentLogName":"egg-agent.log","errorLogName":"common-error.log","coreLogger":{"consoleLevel":"WARN"},"allowDebugAtProd":false,"type":"application"}
2020-12-15 00:21:43,195 INFO 1356 [egg-multipart] stream mode enable
2020-12-15 00:21:43,248 INFO 1356 [egg-static] starting static serve /public/ -> /Users/chengyuhan/学习/egg-example/app/public
2020-12-15 00:21:43,249 INFO 1356 [egg-security] use csrf middleware
2020-12-15 00:21:43,249 INFO 1356 [egg-security] use methodnoallow middleware
2020-12-15 00:21:43,250 INFO 1356 [egg-security] use noopen middleware
2020-12-15 00:21:43,250 INFO 1356 [egg-security] use nosniff middleware
2020-12-15 00:21:43,250 INFO 1356 [egg-security] use xssProtection middleware
2020-12-15 00:21:43,251 INFO 1356 [egg-security] use xframe middleware
2020-12-15 00:21:43,251 INFO 1356 [egg-security] use dta middleware
2020-12-15 00:21:43,251 INFO 1356 [egg-security] compose 7 middlewares into one security middleware
2020-12-15 00:21:43,257 INFO 1356 [egg:core] dump config after load, 3ms
2020-12-15 00:21:43,264 INFO 1356 [egg-watcher:application] watcher start success
2020-12-15 00:21:43,272 INFO 1356 [egg:core] dump config after ready, 6ms
2020-12-15 00:21:47,293 INFO 1357 [egg:logger] init all loggers with options: {"dir":"/Users/chengyuhan/学习/egg-example/logs/egg-example","encoding":"utf8","env":"local","level":"INFO","consoleLevel":"INFO","disableConsoleAfterReady":false,"outputJSON":false,"buffer":true,"appLogName":"egg-example-web.log","coreLogName":"egg-web.log","agentLogName":"egg-agent.log","errorLogName":"common-error.log","coreLogger":{"consoleLevel":"WARN"},"allowDebugAtProd":false,"type":"application"}
2020-12-15 00:21:47,313 INFO 1357 [egg-multipart] stream mode enable
2020-12-15 00:21:47,364 INFO 1357 [egg-static] starting static serve /public/ -> /Users/chengyuhan/学习/egg-example/app/public
2020-12-15 00:21:47,366 INFO 1357 [egg-security] use csrf middleware
2020-12-15 00:21:47,366 INFO 1357 [egg-security] use methodnoallow middleware
2020-12-15 00:21:47,367 INFO 1357 [egg-security] use noopen middleware
2020-12-15 00:21:47,367 INFO 1357 [egg-security] use nosniff middleware
2020-12-15 00:21:47,367 INFO 1357 [egg-security] use xssProtection middleware
2020-12-15 00:21:47,368 INFO 1357 [egg-security] use xframe middleware
2020-12-15 00:21:47,368 INFO 1357 [egg-security] use dta middleware
2020-12-15 00:21:47,368 INFO 1357 [egg-security] compose 7 middlewares into one security middleware
2020-12-15 00:21:47,378 INFO 1357 [egg:core] dump config after load, 6ms
2020-12-15 00:21:47,386 INFO 1357 [egg-watcher:application] watcher start success
2020-12-15 00:21:47,391 INFO 1357 [egg:core] dump config after ready, 4ms
2020-12-15 00:22:40,187 INFO 1358 [egg:logger] init all loggers with options: {"dir":"/Users/chengyuhan/学习/egg-example/logs/egg-example","encoding":"utf8","env":"local","level":"INFO","consoleLevel":"INFO","disableConsoleAfterReady":false,"outputJSON":false,"buffer":true,"appLogName":"egg-example-web.log","coreLogName":"egg-web.log","agentLogName":"egg-agent.log","errorLogName":"common-error.log","coreLogger":{"consoleLevel":"WARN"},"allowDebugAtProd":false,"type":"application"}
2020-12-15 00:22:40,210 INFO 1358 [egg-multipart] stream mode enable
2020-12-15 00:22:40,338 INFO 1358 [egg-static] starting static serve /public/ -> /Users/chengyuhan/学习/egg-example/app/public
2020-12-15 00:22:40,340 INFO 1358 [egg-security] use csrf middleware
2020-12-15 00:22:40,342 INFO 1358 [egg-security] use methodnoallow middleware
2020-12-15 00:22:40,343 INFO 1358 [egg-security] use noopen middleware
2020-12-15 00:22:40,344 INFO 1358 [egg-security] use nosniff middleware
2020-12-15 00:22:40,345 INFO 1358 [egg-security] use xssProtection middleware
2020-12-15 00:22:40,347 INFO 1358 [egg-security] use xframe middleware
2020-12-15 00:22:40,348 INFO 1358 [egg-security] use dta middleware
2020-12-15 00:22:40,348 INFO 1358 [egg-security] compose 7 middlewares into one security middleware
2020-12-15 00:22:40,357 INFO 1358 [egg:core] dump config after load, 5ms
2020-12-15 00:22:40,367 INFO 1358 [egg-watcher:application] watcher start success
2020-12-15 00:22:40,373 INFO 1358 [egg:core] dump config after ready, 5ms
2020-12-15 00:22:41,101 INFO 1359 [egg:logger] init all loggers with options: {"dir":"/Users/chengyuhan/学习/egg-example/logs/egg-example","encoding":"utf8","env":"local","level":"INFO","consoleLevel":"INFO","disableConsoleAfterReady":false,"outputJSON":false,"buffer":true,"appLogName":"egg-example-web.log","coreLogName":"egg-web.log","agentLogName":"egg-agent.log","errorLogName":"common-error.log","coreLogger":{"consoleLevel":"WARN"},"allowDebugAtProd":false,"type":"application"}
2020-12-15 00:22:41,118 INFO 1359 [egg-multipart] stream mode enable
2020-12-15 00:22:41,166 INFO 1359 [egg-static] starting static serve /public/ -> /Users/chengyuhan/学习/egg-example/app/public
2020-12-15 00:22:41,167 INFO 1359 [egg-security] use csrf middleware
2020-12-15 00:22:41,168 INFO 1359 [egg-security] use methodnoallow middleware
2020-12-15 00:22:41,168 INFO 1359 [egg-security] use noopen middleware
2020-12-15 00:22:41,168 INFO 1359 [egg-security] use nosniff middleware
2020-12-15 00:22:41,169 INFO 1359 [egg-security] use xssProtection middleware
2020-12-15 00:22:41,169 INFO 1359 [egg-security] use xframe middleware
2020-12-15 00:22:41,169 INFO 1359 [egg-security] use dta middleware
2020-12-15 00:22:41,169 INFO 1359 [egg-security] compose 7 middlewares into one security middleware
2020-12-15 00:22:41,175 INFO 1359 [egg:core] dump config after load, 3ms
2020-12-15 00:22:41,182 INFO 1359 [egg-watcher:application] watcher start success
2020-12-15 00:22:41,187 INFO 1359 [egg:core] dump config after ready, 4ms
2020-12-15 00:23:48,060 INFO 1370 [egg:logger] init all loggers with options: {"dir":"/Users/chengyuhan/学习/egg-example/logs/egg-example","encoding":"utf8","env":"local","level":"INFO","consoleLevel":"INFO","disableConsoleAfterReady":false,"outputJSON":false,"buffer":true,"appLogName":"egg-example-web.log","coreLogName":"egg-web.log","agentLogName":"egg-agent.log","errorLogName":"common-error.log","coreLogger":{"consoleLevel":"WARN"},"allowDebugAtProd":false,"type":"application"}
2020-12-15 00:23:48,087 INFO 1370 [egg-multipart] stream mode enable
2020-12-15 00:23:48,190 INFO 1370 [egg-static] starting static serve /public/ -> /Users/chengyuhan/学习/egg-example/app/public
2020-12-15 00:23:48,192 INFO 1370 [egg-security] use csrf middleware
2020-12-15 00:23:48,193 INFO 1370 [egg-security] use methodnoallow middleware
2020-12-15 00:23:48,193 INFO 1370 [egg-security] use noopen middleware
2020-12-15 00:23:48,194 INFO 1370 [egg-security] use nosniff middleware
2020-12-15 00:23:48,195 INFO 1370 [egg-security] use xssProtection middleware
2020-12-15 00:23:48,196 INFO 1370 [egg-security] use xframe middleware
2020-12-15 00:23:48,197 INFO 1370 [egg-security] use dta middleware
2020-12-15 00:23:48,197 INFO 1370 [egg-security] compose 7 middlewares into one security middleware
2020-12-15 00:23:48,205 INFO 1370 [egg:core] dump config after load, 4ms
2020-12-15 00:23:48,213 INFO 1370 [egg-watcher:application] watcher start success
2020-12-15 00:23:48,218 INFO 1370 [egg:core] dump config after ready, 4ms
2020-12-15 00:23:51,554 INFO 1371 [egg:logger] init all loggers with options: {"dir":"/Users/chengyuhan/学习/egg-example/logs/egg-example","encoding":"utf8","env":"local","level":"INFO","consoleLevel":"INFO","disableConsoleAfterReady":false,"outputJSON":false,"buffer":true,"appLogName":"egg-example-web.log","coreLogName":"egg-web.log","agentLogName":"egg-agent.log","errorLogName":"common-error.log","coreLogger":{"consoleLevel":"WARN"},"allowDebugAtProd":false,"type":"application"}
2020-12-15 00:23:51,576 INFO 1371 [egg-multipart] stream mode enable
2020-12-15 00:23:51,628 INFO 1371 [egg-static] starting static serve /public/ -> /Users/chengyuhan/学习/egg-example/app/public
2020-12-15 00:23:51,629 INFO 1371 [egg-security] use csrf middleware
2020-12-15 00:23:51,630 INFO 1371 [egg-security] use methodnoallow middleware
2020-12-15 00:23:51,630 INFO 1371 [egg-security] use noopen middleware
2020-12-15 00:23:51,630 INFO 1371 [egg-security] use nosniff middleware
2020-12-15 00:23:51,630 INFO 1371 [egg-security] use xssProtection middleware
2020-12-15 00:23:51,631 INFO 1371 [egg-security] use xframe middleware
2020-12-15 00:23:51,631 INFO 1371 [egg-security] use dta middleware
2020-12-15 00:23:51,631 INFO 1371 [egg-security] compose 7 middlewares into one security middleware
2020-12-15 00:23:51,640 INFO 1371 [egg:core] dump config after load, 5ms
2020-12-15 00:23:51,647 INFO 1371 [egg-watcher:application] watcher start success
2020-12-15 00:23:51,653 INFO 1371 [egg:core] dump config after ready, 4ms
2020-12-15 00:24:34,296 INFO 1374 [egg:logger] init all loggers with options: {"dir":"/Users/chengyuhan/学习/egg-example/logs/egg-example","encoding":"utf8","env":"local","level":"INFO","consoleLevel":"INFO","disableConsoleAfterReady":false,"outputJSON":false,"buffer":true,"appLogName":"egg-example-web.log","coreLogName":"egg-web.log","agentLogName":"egg-agent.log","errorLogName":"common-error.log","coreLogger":{"consoleLevel":"WARN"},"allowDebugAtProd":false,"type":"application"}
2020-12-15 00:24:34,313 INFO 1374 [egg-multipart] stream mode enable
2020-12-15 00:24:34,367 INFO 1374 [egg-static] starting static serve /public/ -> /Users/chengyuhan/学习/egg-example/app/public
2020-12-15 00:24:34,368 INFO 1374 [egg-security] use csrf middleware
2020-12-15 00:24:34,369 INFO 1374 [egg-security] use methodnoallow middleware
2020-12-15 00:24:34,369 INFO 1374 [egg-security] use noopen middleware
2020-12-15 00:24:34,369 INFO 1374 [egg-security] use nosniff middleware
2020-12-15 00:24:34,369 INFO 1374 [egg-security] use xssProtection middleware
2020-12-15 00:24:34,370 INFO 1374 [egg-security] use xframe middleware
2020-12-15 00:24:34,370 INFO 1374 [egg-security] use dta middleware
2020-12-15 00:24:34,370 INFO 1374 [egg-security] compose 7 middlewares into one security middleware
2020-12-15 00:24:34,376 INFO 1374 [egg:core] dump config after load, 3ms
2020-12-15 00:24:34,383 INFO 1374 [egg-watcher:application] watcher start success
2020-12-15 00:24:34,388 INFO 1374 [egg:core] dump config after ready, 3ms
2020-12-15 00:24:35,474 INFO 1375 [egg:logger] init all loggers with options: {"dir":"/Users/chengyuhan/学习/egg-example/logs/egg-example","encoding":"utf8","env":"local","level":"INFO","consoleLevel":"INFO","disableConsoleAfterReady":false,"outputJSON":false,"buffer":true,"appLogName":"egg-example-web.log","coreLogName":"egg-web.log","agentLogName":"egg-agent.log","errorLogName":"common-error.log","coreLogger":{"consoleLevel":"WARN"},"allowDebugAtProd":false,"type":"application"}
2020-12-15 00:24:35,491 INFO 1375 [egg-multipart] stream mode enable
2020-12-15 00:24:35,535 INFO 1375 [egg-static] starting static serve /public/ -> /Users/chengyuhan/学习/egg-example/app/public
2020-12-15 00:24:35,537 INFO 1375 [egg-security] use csrf middleware
2020-12-15 00:24:35,537 INFO 1375 [egg-security] use methodnoallow middleware
2020-12-15 00:24:35,538 INFO 1375 [egg-security] use noopen middleware
2020-12-15 00:24:35,538 INFO 1375 [egg-security] use nosniff middleware
2020-12-15 00:24:35,538 INFO 1375 [egg-security] use xssProtection middleware
2020-12-15 00:24:35,538 INFO 1375 [egg-security] use xframe middleware
2020-12-15 00:24:35,539 INFO 1375 [egg-security] use dta middleware
2020-12-15 00:24:35,539 INFO 1375 [egg-security] compose 7 middlewares into one security middleware
2020-12-15 00:24:35,547 INFO 1375 [egg:core] dump config after load, 5ms
2020-12-15 00:24:35,555 INFO 1375 [egg-watcher:application] watcher start success
2020-12-15 00:24:35,561 INFO 1375 [egg:core] dump config after ready, 5ms
2020-12-15 00:25:34,932 INFO 1384 [egg:logger] init all loggers with options: {"dir":"/Users/chengyuhan/学习/egg-example/logs/egg-example","encoding":"utf8","env":"local","level":"INFO","consoleLevel":"INFO","disableConsoleAfterReady":false,"outputJSON":false,"buffer":true,"appLogName":"egg-example-web.log","coreLogName":"egg-web.log","agentLogName":"egg-agent.log","errorLogName":"common-error.log","coreLogger":{"consoleLevel":"WARN"},"allowDebugAtProd":false,"type":"application"}
2020-12-15 00:25:34,951 INFO 1384 [egg-multipart] stream mode enable
2020-12-15 00:25:35,004 INFO 1384 [egg-static] starting static serve /public/ -> /Users/chengyuhan/学习/egg-example/app/public
2020-12-15 00:25:35,007 INFO 1384 [egg-security] use csrf middleware
2020-12-15 00:25:35,007 INFO 1384 [egg-security] use methodnoallow middleware
2020-12-15 00:25:35,007 INFO 1384 [egg-security] use noopen middleware
2020-12-15 00:25:35,008 INFO 1384 [egg-security] use nosniff middleware
2020-12-15 00:25:35,008 INFO 1384 [egg-security] use xssProtection middleware
2020-12-15 00:25:35,009 INFO 1384 [egg-security] use xframe middleware
2020-12-15 00:25:35,009 INFO 1384 [egg-security] use dta middleware
2020-12-15 00:25:35,009 INFO 1384 [egg-security] compose 7 middlewares into one security middleware
2020-12-15 00:25:35,015 INFO 1384 [egg:core] dump config after load, 3ms
2020-12-15 00:25:35,023 INFO 1384 [egg-watcher:application] watcher start success
2020-12-15 00:25:35,030 INFO 1384 [egg:core] dump config after ready, 4ms
2020-12-15 00:26:18,302 INFO 1388 [egg:logger] init all loggers with options: {"dir":"/Users/chengyuhan/学习/egg-example/logs/egg-example","encoding":"utf8","env":"local","level":"INFO","consoleLevel":"INFO","disableConsoleAfterReady":false,"outputJSON":false,"buffer":true,"appLogName":"egg-example-web.log","coreLogName":"egg-web.log","agentLogName":"egg-agent.log","errorLogName":"common-error.log","coreLogger":{"consoleLevel":"WARN"},"allowDebugAtProd":false,"type":"application"}
2020-12-15 00:26:18,322 INFO 1388 [egg-multipart] stream mode enable
2020-12-15 00:26:18,370 INFO 1388 [egg-static] starting static serve /public/ -> /Users/chengyuhan/学习/egg-example/app/public
2020-12-15 00:26:18,371 INFO 1388 [egg-security] use csrf middleware
2020-12-15 00:26:18,372 INFO 1388 [egg-security] use methodnoallow middleware
2020-12-15 00:26:18,372 INFO 1388 [egg-security] use noopen middleware
2020-12-15 00:26:18,372 INFO 1388 [egg-security] use nosniff middleware
2020-12-15 00:26:18,372 INFO 1388 [egg-security] use xssProtection middleware
2020-12-15 00:26:18,373 INFO 1388 [egg-security] use xframe middleware
2020-12-15 00:26:18,373 INFO 1388 [egg-security] use dta middleware
2020-12-15 00:26:18,373 INFO 1388 [egg-security] compose 7 middlewares into one security middleware
2020-12-15 00:26:18,379 INFO 1388 [egg:core] dump config after load, 4ms
2020-12-15 00:26:18,386 INFO 1388 [egg-watcher:application] watcher start success
2020-12-15 00:26:18,391 INFO 1388 [egg:core] dump config after ready, 3ms
2020-12-15 00:27:09,520 INFO 1390 [egg:logger] init all loggers with options: {"dir":"/Users/chengyuhan/学习/egg-example/logs/egg-example","encoding":"utf8","env":"local","level":"INFO","consoleLevel":"INFO","disableConsoleAfterReady":false,"outputJSON":false,"buffer":true,"appLogName":"egg-example-web.log","coreLogName":"egg-web.log","agentLogName":"egg-agent.log","errorLogName":"common-error.log","coreLogger":{"consoleLevel":"WARN"},"allowDebugAtProd":false,"type":"application"}
2020-12-15 00:27:09,540 INFO 1390 [egg-multipart] stream mode enable
2020-12-15 00:27:09,624 INFO 1390 [egg-static] starting static serve /public/ -> /Users/chengyuhan/学习/egg-example/app/public
2020-12-15 00:27:09,625 INFO 1390 [egg-security] use csrf middleware
2020-12-15 00:27:09,626 INFO 1390 [egg-security] use methodnoallow middleware
2020-12-15 00:27:09,626 INFO 1390 [egg-security] use noopen middleware
2020-12-15 00:27:09,626 INFO 1390 [egg-security] use nosniff middleware
2020-12-15 00:27:09,626 INFO 1390 [egg-security] use xssProtection middleware
2020-12-15 00:27:09,627 INFO 1390 [egg-security] use xframe middleware
2020-12-15 00:27:09,627 INFO 1390 [egg-security] use dta middleware
2020-12-15 00:27:09,627 INFO 1390 [egg-security] compose 7 middlewares into one security middleware
2020-12-15 00:27:09,637 INFO 1390 [egg:core] dump config after load, 6ms
2020-12-15 00:27:09,644 INFO 1390 [egg-watcher:application] watcher start success
2020-12-15 00:27:09,652 INFO 1390 [egg:core] dump config after ready, 5ms
2020-12-15 00:27:32,685 INFO 1605 [egg:logger] init all loggers with options: {"dir":"/Users/chengyuhan/学习/egg-example/logs/egg-example","encoding":"utf8","env":"local","level":"INFO","consoleLevel":"INFO","disableConsoleAfterReady":false,"outputJSON":false,"buffer":true,"appLogName":"egg-example-web.log","coreLogName":"egg-web.log","agentLogName":"egg-agent.log","errorLogName":"common-error.log","coreLogger":{"consoleLevel":"WARN"},"allowDebugAtProd":false,"type":"application"}
2020-12-15 00:27:32,708 INFO 1605 [egg-multipart] stream mode enable
2020-12-15 00:27:32,770 INFO 1605 [egg-static] starting static serve /public/ -> /Users/chengyuhan/学习/egg-example/app/public
2020-12-15 00:27:32,772 INFO 1605 [egg-security] use csrf middleware
2020-12-15 00:27:32,773 INFO 1605 [egg-security] use methodnoallow middleware
2020-12-15 00:27:32,773 INFO 1605 [egg-security] use noopen middleware
2020-12-15 00:27:32,773 INFO 1605 [egg-security] use nosniff middleware
2020-12-15 00:27:32,773 INFO 1605 [egg-security] use xssProtection middleware
2020-12-15 00:27:32,773 INFO 1605 [egg-security] use xframe middleware
2020-12-15 00:27:32,774 INFO 1605 [egg-security] use dta middleware
2020-12-15 00:27:32,774 INFO 1605 [egg-security] compose 7 middlewares into one security middleware
2020-12-15 00:27:32,780 INFO 1605 [egg:core] dump config after load, 4ms
2020-12-15 00:27:32,790 INFO 1605 [egg-watcher:application] watcher start success
2020-12-15 00:27:32,796 INFO 1605 [egg:core] dump config after ready, 4ms
2020-12-15 00:28:55,645 INFO 1609 [egg:logger] init all loggers with options: {"dir":"/Users/chengyuhan/学习/egg-example/logs/egg-example","encoding":"utf8","env":"local","level":"INFO","consoleLevel":"INFO","disableConsoleAfterReady":false,"outputJSON":false,"buffer":true,"appLogName":"egg-example-web.log","coreLogName":"egg-web.log","agentLogName":"egg-agent.log","errorLogName":"common-error.log","coreLogger":{"consoleLevel":"WARN"},"allowDebugAtProd":false,"type":"application"}
2020-12-15 00:28:55,668 INFO 1609 [egg-multipart] stream mode enable
2020-12-15 00:28:55,721 INFO 1609 [egg-static] starting static serve /public/ -> /Users/chengyuhan/学习/egg-example/app/public
2020-12-15 00:28:55,722 INFO 1609 [egg-security] use csrf middleware
2020-12-15 00:28:55,723 INFO 1609 [egg-security] use methodnoallow middleware
2020-12-15 00:28:55,723 INFO 1609 [egg-security] use noopen middleware
2020-12-15 00:28:55,723 INFO 1609 [egg-security] use nosniff middleware
2020-12-15 00:28:55,723 INFO 1609 [egg-security] use xssProtection middleware
2020-12-15 00:28:55,724 INFO 1609 [egg-security] use xframe middleware
2020-12-15 00:28:55,724 INFO 1609 [egg-security] use dta middleware
2020-12-15 00:28:55,724 INFO 1609 [egg-security] compose 7 middlewares into one security middleware
2020-12-15 00:28:55,731 INFO 1609 [egg:core] dump config after load, 4ms
2020-12-15 00:28:55,739 INFO 1609 [egg-watcher:application] watcher start success
2020-12-15 00:28:55,745 INFO 1609 [egg:core] dump config after ready, 5ms
2020-12-15 00:31:22,609 INFO 1646 [egg:logger] init all loggers with options: {"dir":"/Users/chengyuhan/学习/egg-example/logs/egg-example","encoding":"utf8","env":"local","level":"INFO","consoleLevel":"INFO","disableConsoleAfterReady":false,"outputJSON":false,"buffer":true,"appLogName":"egg-example-web.log","coreLogName":"egg-web.log","agentLogName":"egg-agent.log","errorLogName":"common-error.log","coreLogger":{"consoleLevel":"WARN"},"allowDebugAtProd":false,"type":"application"}
2020-12-15 00:31:22,630 INFO 1646 [egg-multipart] stream mode enable
2020-12-15 00:31:22,678 INFO 1646 [egg-static] starting static serve /public/ -> /Users/chengyuhan/学习/egg-example/app/public
2020-12-15 00:31:22,679 INFO 1646 [egg-security] use csrf middleware
2020-12-15 00:31:22,680 INFO 1646 [egg-security] use methodnoallow middleware
2020-12-15 00:31:22,680 INFO 1646 [egg-security] use noopen middleware
2020-12-15 00:31:22,680 INFO 1646 [egg-security] use nosniff middleware
2020-12-15 00:31:22,680 INFO 1646 [egg-security] use xssProtection middleware
2020-12-15 00:31:22,681 INFO 1646 [egg-security] use xframe middleware
2020-12-15 00:31:22,681 INFO 1646 [egg-security] use dta middleware
2020-12-15 00:31:22,681 INFO 1646 [egg-security] compose 7 middlewares into one security middleware
2020-12-15 00:31:22,688 INFO 1646 [egg:core] dump config after load, 4ms
2020-12-15 00:31:22,696 INFO 1646 [egg-watcher:application] watcher start success
2020-12-15 00:31:22,701 INFO 1646 [egg:core] dump config after ready, 4ms
2020-12-15 00:31:26,655 INFO 1649 [egg:logger] init all loggers with options: {"dir":"/Users/chengyuhan/学习/egg-example/logs/egg-example","encoding":"utf8","env":"local","level":"INFO","consoleLevel":"INFO","disableConsoleAfterReady":false,"outputJSON":false,"buffer":true,"appLogName":"egg-example-web.log","coreLogName":"egg-web.log","agentLogName":"egg-agent.log","errorLogName":"common-error.log","coreLogger":{"consoleLevel":"WARN"},"allowDebugAtProd":false,"type":"application"}
2020-12-15 00:31:26,673 INFO 1649 [egg-multipart] stream mode enable
2020-12-15 00:31:26,731 INFO 1649 [egg-static] starting static serve /public/ -> /Users/chengyuhan/学习/egg-example/app/public
2020-12-15 00:31:26,733 INFO 1649 [egg-security] use csrf middleware
2020-12-15 00:31:26,733 INFO 1649 [egg-security] use methodnoallow middleware
2020-12-15 00:31:26,734 INFO 1649 [egg-security] use noopen middleware
2020-12-15 00:31:26,734 INFO 1649 [egg-security] use nosniff middleware
2020-12-15 00:31:26,734 INFO 1649 [egg-security] use xssProtection middleware
2020-12-15 00:31:26,734 INFO 1649 [egg-security] use xframe middleware
2020-12-15 00:31:26,735 INFO 1649 [egg-security] use dta middleware
2020-12-15 00:31:26,735 INFO 1649 [egg-security] compose 7 middlewares into one security middleware
2020-12-15 00:31:26,742 INFO 1649 [egg:core] dump config after load, 3ms
2020-12-15 00:31:26,749 INFO 1649 [egg-watcher:application] watcher start success
2020-12-15 00:31:26,755 INFO 1649 [egg:core] dump config after ready, 4ms
2020-12-15 00:31:42,324 INFO 1653 [egg:logger] init all loggers with options: {"dir":"/Users/chengyuhan/学习/egg-example/logs/egg-example","encoding":"utf8","env":"local","level":"INFO","consoleLevel":"INFO","disableConsoleAfterReady":false,"outputJSON":false,"buffer":true,"appLogName":"egg-example-web.log","coreLogName":"egg-web.log","agentLogName":"egg-agent.log","errorLogName":"common-error.log","coreLogger":{"consoleLevel":"WARN"},"allowDebugAtProd":false,"type":"application"}
2020-12-15 00:31:42,352 INFO 1653 [egg-multipart] stream mode enable
2020-12-15 00:31:42,468 INFO 1653 [egg-static] starting static serve /public/ -> /Users/chengyuhan/学习/egg-example/app/public
2020-12-15 00:31:42,471 INFO 1653 [egg-security] use csrf middleware
2020-12-15 00:31:42,472 INFO 1653 [egg-security] use methodnoallow middleware
2020-12-15 00:31:42,473 INFO 1653 [egg-security] use noopen middleware
2020-12-15 00:31:42,474 INFO 1653 [egg-security] use nosniff middleware
2020-12-15 00:31:42,475 INFO 1653 [egg-security] use xssProtection middleware
2020-12-15 00:31:42,476 INFO 1653 [egg-security] use xframe middleware
2020-12-15 00:31:42,476 INFO 1653 [egg-security] use dta middleware
2020-12-15 00:31:42,476 INFO 1653 [egg-security] compose 7 middlewares into one security middleware
2020-12-15 00:31:42,484 INFO 1653 [egg:core] dump config after load, 3ms
2020-12-15 00:31:42,494 INFO 1653 [egg-watcher:application] watcher start success
2020-12-15 00:31:42,501 INFO 1653 [egg:core] dump config after ready, 5ms
2020-12-15 00:35:53,948 INFO 1679 [egg:logger] init all loggers with options: {"dir":"/Users/chengyuhan/学习/egg-example/logs/egg-example","encoding":"utf8","env":"local","level":"INFO","consoleLevel":"INFO","disableConsoleAfterReady":false,"outputJSON":false,"buffer":true,"appLogName":"egg-example-web.log","coreLogName":"egg-web.log","agentLogName":"egg-agent.log","errorLogName":"common-error.log","coreLogger":{"consoleLevel":"WARN"},"allowDebugAtProd":false,"type":"application"}
2020-12-15 00:35:53,972 INFO 1679 [egg-multipart] stream mode enable
2020-12-15 00:35:54,105 INFO 1679 [egg-static] starting static serve /public/ -> /Users/chengyuhan/学习/egg-example/app/public
2020-12-15 00:35:54,107 INFO 1679 [egg-security] use csrf middleware
2020-12-15 00:35:54,109 INFO 1679 [egg-security] use methodnoallow middleware
2020-12-15 00:35:54,110 INFO 1679 [egg-security] use noopen middleware
2020-12-15 00:35:54,111 INFO 1679 [egg-security] use nosniff middleware
2020-12-15 00:35:54,112 INFO 1679 [egg-security] use xssProtection middleware
2020-12-15 00:35:54,113 INFO 1679 [egg-security] use xframe middleware
2020-12-15 00:35:54,114 INFO 1679 [egg-security] use dta middleware
2020-12-15 00:35:54,115 INFO 1679 [egg-security] compose 7 middlewares into one security middleware
2020-12-15 00:35:54,125 INFO 1679 [egg:core] dump config after load, 3ms
2020-12-15 00:35:54,133 INFO 1679 [egg-watcher:application] watcher start success
2020-12-15 00:35:54,139 INFO 1679 [egg:core] dump config after ready, 5ms
2020-12-15 00:37:05,530 INFO 1687 [egg:logger] init all loggers with options: {"dir":"/Users/chengyuhan/学习/egg-example/logs/egg-example","encoding":"utf8","env":"local","level":"INFO","consoleLevel":"INFO","disableConsoleAfterReady":false,"outputJSON":false,"buffer":true,"appLogName":"egg-example-web.log","coreLogName":"egg-web.log","agentLogName":"egg-agent.log","errorLogName":"common-error.log","coreLogger":{"consoleLevel":"WARN"},"allowDebugAtProd":false,"type":"application"}
2020-12-15 00:37:05,548 INFO 1687 [egg-multipart] stream mode enable
2020-12-15 00:37:05,598 INFO 1687 [egg-static] starting static serve /public/ -> /Users/chengyuhan/学习/egg-example/app/public
2020-12-15 00:37:05,600 INFO 1687 [egg-security] use csrf middleware
2020-12-15 00:37:05,600 INFO 1687 [egg-security] use methodnoallow middleware
2020-12-15 00:37:05,600 INFO 1687 [egg-security] use noopen middleware
2020-12-15 00:37:05,601 INFO 1687 [egg-security] use nosniff middleware
2020-12-15 00:37:05,601 INFO 1687 [egg-security] use xssProtection middleware
2020-12-15 00:37:05,601 INFO 1687 [egg-security] use xframe middleware
2020-12-15 00:37:05,601 INFO 1687 [egg-security] use dta middleware
2020-12-15 00:37:05,601 INFO 1687 [egg-security] compose 7 middlewares into one security middleware
2020-12-15 00:37:05,607 INFO 1687 [egg:core] dump config after load, 3ms
2020-12-15 00:37:05,614 INFO 1687 [egg-watcher:application] watcher start success
2020-12-15 00:37:05,621 INFO 1687 [egg:core] dump config after ready, 6ms
2020-12-15 00:37:17,116 INFO 1691 [egg:logger] init all loggers with options: {"dir":"/Users/chengyuhan/学习/egg-example/logs/egg-example","encoding":"utf8","env":"local","level":"INFO","consoleLevel":"INFO","disableConsoleAfterReady":false,"outputJSON":false,"buffer":true,"appLogName":"egg-example-web.log","coreLogName":"egg-web.log","agentLogName":"egg-agent.log","errorLogName":"common-error.log","coreLogger":{"consoleLevel":"WARN"},"allowDebugAtProd":false,"type":"application"}
2020-12-15 00:37:17,136 INFO 1691 [egg-multipart] stream mode enable
2020-12-15 00:37:17,196 INFO 1691 [egg-static] starting static serve /public/ -> /Users/chengyuhan/学习/egg-example/app/public
2020-12-15 00:37:17,198 INFO 1691 [egg-security] use csrf middleware
2020-12-15 00:37:17,198 INFO 1691 [egg-security] use methodnoallow middleware
2020-12-15 00:37:17,198 INFO 1691 [egg-security] use noopen middleware
2020-12-15 00:37:17,199 INFO 1691 [egg-security] use nosniff middleware
2020-12-15 00:37:17,199 INFO 1691 [egg-security] use xssProtection middleware
2020-12-15 00:37:17,199 INFO 1691 [egg-security] use xframe middleware
2020-12-15 00:37:17,199 INFO 1691 [egg-security] use dta middleware
2020-12-15 00:37:17,200 INFO 1691 [egg-security] compose 7 middlewares into one security middleware
2020-12-15 00:37:17,207 INFO 1691 [egg:core] dump config after load, 4ms
2020-12-15 00:37:17,215 INFO 1691 [egg-watcher:application] watcher start success
2020-12-15 00:37:17,223 INFO 1691 [egg:core] dump config after ready, 7ms
2020-12-15 00:37:47,758 INFO 1694 [egg:logger] init all loggers with options: {"dir":"/Users/chengyuhan/学习/egg-example/logs/egg-example","encoding":"utf8","env":"local","level":"INFO","consoleLevel":"INFO","disableConsoleAfterReady":false,"outputJSON":false,"buffer":true,"appLogName":"egg-example-web.log","coreLogName":"egg-web.log","agentLogName":"egg-agent.log","errorLogName":"common-error.log","coreLogger":{"consoleLevel":"WARN"},"allowDebugAtProd":false,"type":"application"}
2020-12-15 00:37:47,776 INFO 1694 [egg-multipart] stream mode enable
2020-12-15 00:37:47,833 INFO 1694 [egg-static] starting static serve /public/ -> /Users/chengyuhan/学习/egg-example/app/public
2020-12-15 00:37:47,834 INFO 1694 [egg-security] use csrf middleware
2020-12-15 00:37:47,835 INFO 1694 [egg-security] use methodnoallow middleware
2020-12-15 00:37:47,835 INFO 1694 [egg-security] use noopen middleware
2020-12-15 00:37:47,835 INFO 1694 [egg-security] use nosniff middleware
2020-12-15 00:37:47,836 INFO 1694 [egg-security] use xssProtection middleware
2020-12-15 00:37:47,836 INFO 1694 [egg-security] use xframe middleware
2020-12-15 00:37:47,836 INFO 1694 [egg-security] use dta middleware
2020-12-15 00:37:47,836 INFO 1694 [egg-security] compose 7 middlewares into one security middleware
2020-12-15 00:37:47,843 INFO 1694 [egg:core] dump config after load, 3ms
2020-12-15 00:37:47,850 INFO 1694 [egg-watcher:application] watcher start success
2020-12-15 00:37:47,856 INFO 1694 [egg:core] dump config after ready, 5ms
2020-12-15 00:39:40,660 INFO 1717 [egg:logger] init all loggers with options: {"dir":"/Users/chengyuhan/学习/egg-example/logs/egg-example","encoding":"utf8","env":"local","level":"INFO","consoleLevel":"INFO","disableConsoleAfterReady":false,"outputJSON":false,"buffer":true,"appLogName":"egg-example-web.log","coreLogName":"egg-web.log","agentLogName":"egg-agent.log","errorLogName":"common-error.log","coreLogger":{"consoleLevel":"WARN"},"allowDebugAtProd":false,"type":"application"}
2020-12-15 00:39:40,682 INFO 1717 [egg-multipart] stream mode enable
2020-12-15 00:39:40,741 INFO 1717 [egg-static] starting static serve /public/ -> /Users/chengyuhan/学习/egg-example/app/public
2020-12-15 00:39:40,744 INFO 1717 [egg-security] use csrf middleware
2020-12-15 00:39:40,744 INFO 1717 [egg-security] use methodnoallow middleware
2020-12-15 00:39:40,744 INFO 1717 [egg-security] use noopen middleware
2020-12-15 00:39:40,745 INFO 1717 [egg-security] use nosniff middleware
2020-12-15 00:39:40,745 INFO 1717 [egg-security] use xssProtection middleware
2020-12-15 00:39:40,745 INFO 1717 [egg-security] use xframe middleware
2020-12-15 00:39:40,745 INFO 1717 [egg-security] use dta middleware
2020-12-15 00:39:40,746 INFO 1717 [egg-security] compose 7 middlewares into one security middleware
2020-12-15 00:39:40,753 INFO 1717 [egg:core] dump config after load, 5ms
2020-12-15 00:39:40,761 INFO 1717 [egg-watcher:application] watcher start success
2020-12-15 00:39:40,767 INFO 1717 [egg:core] dump config after ready, 4ms
2020-12-15 00:39:46,318 INFO 1718 [egg:logger] init all loggers with options: {"dir":"/Users/chengyuhan/学习/egg-example/logs/egg-example","encoding":"utf8","env":"local","level":"INFO","consoleLevel":"INFO","disableConsoleAfterReady":false,"outputJSON":false,"buffer":true,"appLogName":"egg-example-web.log","coreLogName":"egg-web.log","agentLogName":"egg-agent.log","errorLogName":"common-error.log","coreLogger":{"consoleLevel":"WARN"},"allowDebugAtProd":false,"type":"application"}
2020-12-15 00:39:46,337 INFO 1718 [egg-multipart] stream mode enable
2020-12-15 00:39:46,390 INFO 1718 [egg-static] starting static serve /public/ -> /Users/chengyuhan/学习/egg-example/app/public
2020-12-15 00:39:46,391 INFO 1718 [egg-security] use csrf middleware
2020-12-15 00:39:46,392 INFO 1718 [egg-security] use methodnoallow middleware
2020-12-15 00:39:46,392 INFO 1718 [egg-security] use noopen middleware
2020-12-15 00:39:46,392 INFO 1718 [egg-security] use nosniff middleware
2020-12-15 00:39:46,393 INFO 1718 [egg-security] use xssProtection middleware
2020-12-15 00:39:46,393 INFO 1718 [egg-security] use xframe middleware
2020-12-15 00:39:46,393 INFO 1718 [egg-security] use dta middleware
2020-12-15 00:39:46,393 INFO 1718 [egg-security] compose 7 middlewares into one security middleware
2020-12-15 00:39:46,404 INFO 1718 [egg:core] dump config after load, 6ms
2020-12-15 00:39:46,413 INFO 1718 [egg-watcher:application] watcher start success
2020-12-15 00:39:46,421 INFO 1718 [egg:core] dump config after ready, 6ms
2020-12-15 00:39:49,640 INFO 1719 [egg:logger] init all loggers with options: {"dir":"/Users/chengyuhan/学习/egg-example/logs/egg-example","encoding":"utf8","env":"local","level":"INFO","consoleLevel":"INFO","disableConsoleAfterReady":false,"outputJSON":false,"buffer":true,"appLogName":"egg-example-web.log","coreLogName":"egg-web.log","agentLogName":"egg-agent.log","errorLogName":"common-error.log","coreLogger":{"consoleLevel":"WARN"},"allowDebugAtProd":false,"type":"application"}
2020-12-15 00:39:49,661 INFO 1719 [egg-multipart] stream mode enable
2020-12-15 00:39:49,711 INFO 1719 [egg-static] starting static serve /public/ -> /Users/chengyuhan/学习/egg-example/app/public
2020-12-15 00:39:49,713 INFO 1719 [egg-security] use csrf middleware
2020-12-15 00:39:49,713 INFO 1719 [egg-security] use methodnoallow middleware
2020-12-15 00:39:49,713 INFO 1719 [egg-security] use noopen middleware
2020-12-15 00:39:49,713 INFO 1719 [egg-security] use nosniff middleware
2020-12-15 00:39:49,714 INFO 1719 [egg-security] use xssProtection middleware
2020-12-15 00:39:49,714 INFO 1719 [egg-security] use xframe middleware
2020-12-15 00:39:49,714 INFO 1719 [egg-security] use dta middleware
2020-12-15 00:39:49,714 INFO 1719 [egg-security] compose 7 middlewares into one security middleware
2020-12-15 00:39:49,721 INFO 1719 [egg:core] dump config after load, 4ms
2020-12-15 00:39:49,728 INFO 1719 [egg-watcher:application] watcher start success
2020-12-15 00:39:49,734 INFO 1719 [egg:core] dump config after ready, 4ms
2020-12-15 00:40:16,614 INFO 1722 [egg:logger] init all loggers with options: {"dir":"/Users/chengyuhan/学习/egg-example/logs/egg-example","encoding":"utf8","env":"local","level":"INFO","consoleLevel":"INFO","disableConsoleAfterReady":false,"outputJSON":false,"buffer":true,"appLogName":"egg-example-web.log","coreLogName":"egg-web.log","agentLogName":"egg-agent.log","errorLogName":"common-error.log","coreLogger":{"consoleLevel":"WARN"},"allowDebugAtProd":false,"type":"application"}
2020-12-15 00:40:16,638 INFO 1722 [egg-multipart] stream mode enable
2020-12-15 00:40:16,704 INFO 1722 [egg-static] starting static serve /public/ -> /Users/chengyuhan/学习/egg-example/app/public
2020-12-15 00:40:16,706 INFO 1722 [egg-security] use csrf middleware
2020-12-15 00:40:16,706 INFO 1722 [egg-security] use methodnoallow middleware
2020-12-15 00:40:16,706 INFO 1722 [egg-security] use noopen middleware
2020-12-15 00:40:16,707 INFO 1722 [egg-security] use nosniff middleware
2020-12-15 00:40:16,707 INFO 1722 [egg-security] use xssProtection middleware
2020-12-15 00:40:16,708 INFO 1722 [egg-security] use xframe middleware
2020-12-15 00:40:16,708 INFO 1722 [egg-security] use dta middleware
2020-12-15 00:40:16,708 INFO 1722 [egg-security] compose 7 middlewares into one security middleware
2020-12-15 00:40:16,716 INFO 1722 [egg:core] dump config after load, 4ms
2020-12-15 00:40:16,726 INFO 1722 [egg-watcher:application] watcher start success
2020-12-15 00:40:16,738 INFO 1722 [egg:core] dump config after ready, 9ms
2020-12-15 00:40:52,000 INFO 1725 [egg:logger] init all loggers with options: {"dir":"/Users/chengyuhan/学习/egg-example/logs/egg-example","encoding":"utf8","env":"local","level":"INFO","consoleLevel":"INFO","disableConsoleAfterReady":false,"outputJSON":false,"buffer":true,"appLogName":"egg-example-web.log","coreLogName":"egg-web.log","agentLogName":"egg-agent.log","errorLogName":"common-error.log","coreLogger":{"consoleLevel":"WARN"},"allowDebugAtProd":false,"type":"application"}
2020-12-15 00:40:52,021 INFO 1725 [egg-multipart] stream mode enable
2020-12-15 00:40:52,075 INFO 1725 [egg-static] starting static serve /public/ -> /Users/chengyuhan/学习/egg-example/app/public
2020-12-15 00:40:52,077 INFO 1725 [egg-security] use csrf middleware
2020-12-15 00:40:52,077 INFO 1725 [egg-security] use methodnoallow middleware
2020-12-15 00:40:52,077 INFO 1725 [egg-security] use noopen middleware
2020-12-15 00:40:52,078 INFO 1725 [egg-security] use nosniff middleware
2020-12-15 00:40:52,078 INFO 1725 [egg-security] use xssProtection middleware
2020-12-15 00:40:52,078 INFO 1725 [egg-security] use xframe middleware
2020-12-15 00:40:52,078 INFO 1725 [egg-security] use dta middleware
2020-12-15 00:40:52,078 INFO 1725 [egg-security] compose 7 middlewares into one security middleware
2020-12-15 00:40:52,084 INFO 1725 [egg:core] dump config after load, 3ms
2020-12-15 00:40:52,092 INFO 1725 [egg-watcher:application] watcher start success
2020-12-15 00:40:52,097 INFO 1725 [egg:core] dump config after ready, 4ms
2020-12-15 00:41:48,425 INFO 1741 [egg:logger] init all loggers with options: {"dir":"/Users/chengyuhan/学习/egg-example/logs/egg-example","encoding":"utf8","env":"local","level":"INFO","consoleLevel":"INFO","disableConsoleAfterReady":false,"outputJSON":false,"buffer":true,"appLogName":"egg-example-web.log","coreLogName":"egg-web.log","agentLogName":"egg-agent.log","errorLogName":"common-error.log","coreLogger":{"consoleLevel":"WARN"},"allowDebugAtProd":false,"type":"application"}
2020-12-15 00:41:48,442 INFO 1741 [egg-multipart] stream mode enable
2020-12-15 00:41:48,497 INFO 1741 [egg-static] starting static serve /public/ -> /Users/chengyuhan/学习/egg-example/app/public
2020-12-15 00:41:48,499 INFO 1741 [egg-security] use csrf middleware
2020-12-15 00:41:48,499 INFO 1741 [egg-security] use methodnoallow middleware
2020-12-15 00:41:48,499 INFO 1741 [egg-security] use noopen middleware
2020-12-15 00:41:48,500 INFO 1741 [egg-security] use nosniff middleware
2020-12-15 00:41:48,500 INFO 1741 [egg-security] use xssProtection middleware
2020-12-15 00:41:48,500 INFO 1741 [egg-security] use xframe middleware
2020-12-15 00:41:48,500 INFO 1741 [egg-security] use dta middleware
2020-12-15 00:41:48,500 INFO 1741 [egg-security] compose 7 middlewares into one security middleware
2020-12-15 00:41:48,506 INFO 1741 [egg:core] dump config after load, 3ms
2020-12-15 00:41:48,516 INFO 1741 [egg-watcher:application] watcher start success
2020-12-15 00:41:48,524 INFO 1741 [egg:core] dump config after ready, 6ms
2020-12-15 00:44:16,134 INFO 2476 [egg:logger] init all loggers with options: {"dir":"/Users/chengyuhan/学习/egg-example/logs/egg-example","encoding":"utf8","env":"local","level":"INFO","consoleLevel":"INFO","disableConsoleAfterReady":false,"outputJSON":false,"buffer":true,"appLogName":"egg-example-web.log","coreLogName":"egg-web.log","agentLogName":"egg-agent.log","errorLogName":"common-error.log","coreLogger":{"consoleLevel":"WARN"},"allowDebugAtProd":false,"type":"application"}
2020-12-15 00:44:16,153 INFO 2476 [egg-multipart] stream mode enable
2020-12-15 00:44:16,206 INFO 2476 [egg-static] starting static serve /public/ -> /Users/chengyuhan/学习/egg-example/app/public
2020-12-15 00:44:16,208 INFO 2476 [egg-security] use csrf middleware
2020-12-15 00:44:16,208 INFO 2476 [egg-security] use methodnoallow middleware
2020-12-15 00:44:16,209 INFO 2476 [egg-security] use noopen middleware
2020-12-15 00:44:16,209 INFO 2476 [egg-security] use nosniff middleware
2020-12-15 00:44:16,209 INFO 2476 [egg-security] use xssProtection middleware
2020-12-15 00:44:16,210 INFO 2476 [egg-security] use xframe middleware
2020-12-15 00:44:16,210 INFO 2476 [egg-security] use dta middleware
2020-12-15 00:44:16,210 INFO 2476 [egg-security] compose 7 middlewares into one security middleware
2020-12-15 00:44:16,215 INFO 2476 [egg:core] dump config after load, 2ms
2020-12-15 00:44:16,225 INFO 2476 [egg-watcher:application] watcher start success
2020-12-15 00:44:16,232 INFO 2476 [egg:core] dump config after ready, 5ms
2020-12-15 00:46:24,049 INFO 2539 [egg:logger] init all loggers with options: {"dir":"/Users/chengyuhan/学习/egg-example/logs/egg-example","encoding":"utf8","env":"local","level":"INFO","consoleLevel":"INFO","disableConsoleAfterReady":false,"outputJSON":false,"buffer":true,"appLogName":"egg-example-web.log","coreLogName":"egg-web.log","agentLogName":"egg-agent.log","errorLogName":"common-error.log","coreLogger":{"consoleLevel":"WARN"},"allowDebugAtProd":false,"type":"application"}
2020-12-15 00:46:24,074 INFO 2539 [egg-multipart] stream mode enable
2020-12-15 00:46:24,199 INFO 2539 [egg-static] starting static serve /public/ -> /Users/chengyuhan/学习/egg-example/app/public
2020-12-15 00:46:24,201 INFO 2539 [egg-security] use csrf middleware
2020-12-15 00:46:24,201 INFO 2539 [egg-security] use methodnoallow middleware
2020-12-15 00:46:24,202 INFO 2539 [egg-security] use noopen middleware
2020-12-15 00:46:24,202 INFO 2539 [egg-security] use nosniff middleware
2020-12-15 00:46:24,202 INFO 2539 [egg-security] use xssProtection middleware
2020-12-15 00:46:24,202 INFO 2539 [egg-security] use xframe middleware
2020-12-15 00:46:24,203 INFO 2539 [egg-security] use dta middleware
2020-12-15 00:46:24,203 INFO 2539 [egg-security] compose 7 middlewares into one security middleware
2020-12-15 00:46:24,212 INFO 2539 [egg:core] dump config after load, 4ms
2020-12-15 00:46:24,219 INFO 2539 [egg-watcher:application] watcher start success
2020-12-15 00:46:24,227 INFO 2539 [egg:core] dump config after ready, 5ms
2020-12-15 00:46:36,534 INFO 2548 [egg:logger] init all loggers with options: {"dir":"/Users/chengyuhan/学习/egg-example/logs/egg-example","encoding":"utf8","env":"local","level":"INFO","consoleLevel":"INFO","disableConsoleAfterReady":false,"outputJSON":false,"buffer":true,"appLogName":"egg-example-web.log","coreLogName":"egg-web.log","agentLogName":"egg-agent.log","errorLogName":"common-error.log","coreLogger":{"consoleLevel":"WARN"},"allowDebugAtProd":false,"type":"application"}
2020-12-15 00:46:36,559 INFO 2548 [egg-multipart] stream mode enable
2020-12-15 00:46:36,689 INFO 2548 [egg-static] starting static serve /public/ -> /Users/chengyuhan/学习/egg-example/app/public
2020-12-15 00:46:36,691 INFO 2548 [egg-security] use csrf middleware
2020-12-15 00:46:36,693 INFO 2548 [egg-security] use methodnoallow middleware
2020-12-15 00:46:36,693 INFO 2548 [egg-security] use noopen middleware
2020-12-15 00:46:36,694 INFO 2548 [egg-security] use nosniff middleware
2020-12-15 00:46:36,695 INFO 2548 [egg-security] use xssProtection middleware
2020-12-15 00:46:36,696 INFO 2548 [egg-security] use xframe middleware
2020-12-15 00:46:36,697 INFO 2548 [egg-security] use dta middleware
2020-12-15 00:46:36,697 INFO 2548 [egg-security] compose 7 middlewares into one security middleware
2020-12-15 00:46:36,706 INFO 2548 [egg:core] dump config after load, 4ms
2020-12-15 00:46:36,713 INFO 2548 [egg-watcher:application] watcher start success
2020-12-15 00:46:36,721 INFO 2548 [egg:core] dump config after ready, 6ms
2020-12-15 00:47:03,671 INFO 2559 [egg:logger] init all loggers with options: {"dir":"/Users/chengyuhan/学习/egg-example/logs/egg-example","encoding":"utf8","env":"local","level":"INFO","consoleLevel":"INFO","disableConsoleAfterReady":false,"outputJSON":false,"buffer":true,"appLogName":"egg-example-web.log","coreLogName":"egg-web.log","agentLogName":"egg-agent.log","errorLogName":"common-error.log","coreLogger":{"consoleLevel":"WARN"},"allowDebugAtProd":false,"type":"application"}
2020-12-15 00:47:03,691 INFO 2559 [egg-multipart] stream mode enable
2020-12-15 00:47:03,745 INFO 2559 [egg-static] starting static serve /public/ -> /Users/chengyuhan/学习/egg-example/app/public
2020-12-15 00:47:03,747 INFO 2559 [egg-security] use csrf middleware
2020-12-15 00:47:03,748 INFO 2559 [egg-security] use methodnoallow middleware
2020-12-15 00:47:03,748 INFO 2559 [egg-security] use noopen middleware
2020-12-15 00:47:03,748 INFO 2559 [egg-security] use nosniff middleware
2020-12-15 00:47:03,748 INFO 2559 [egg-security] use xssProtection middleware
2020-12-15 00:47:03,749 INFO 2559 [egg-security] use xframe middleware
2020-12-15 00:47:03,749 INFO 2559 [egg-security] use dta middleware
2020-12-15 00:47:03,749 INFO 2559 [egg-security] compose 7 middlewares into one security middleware
2020-12-15 00:47:03,755 INFO 2559 [egg:core] dump config after load, 3ms
2020-12-15 00:47:03,764 INFO 2559 [egg-watcher:application] watcher start success
2020-12-15 00:47:03,770 INFO 2559 [egg:core] dump config after ready, 4ms
2020-12-15 00:49:12,196 INFO 2567 [egg:logger] init all loggers with options: {"dir":"/Users/chengyuhan/学习/egg-example/logs/egg-example","encoding":"utf8","env":"local","level":"INFO","consoleLevel":"INFO","disableConsoleAfterReady":false,"outputJSON":false,"buffer":true,"appLogName":"egg-example-web.log","coreLogName":"egg-web.log","agentLogName":"egg-agent.log","errorLogName":"common-error.log","coreLogger":{"consoleLevel":"WARN"},"allowDebugAtProd":false,"type":"application"}
2020-12-15 00:49:12,231 INFO 2567 [egg-multipart] stream mode enable
2020-12-15 00:49:12,367 INFO 2567 [egg-static] starting static serve /public/ -> /Users/chengyuhan/学习/egg-example/app/public
2020-12-15 00:49:12,370 INFO 2567 [egg-security] use csrf middleware
2020-12-15 00:49:12,370 INFO 2567 [egg-security] use methodnoallow middleware
2020-12-15 00:49:12,371 INFO 2567 [egg-security] use noopen middleware
2020-12-15 00:49:12,372 INFO 2567 [egg-security] use nosniff middleware
2020-12-15 00:49:12,372 INFO 2567 [egg-security] use xssProtection middleware
2020-12-15 00:49:12,373 INFO 2567 [egg-security] use xframe middleware
2020-12-15 00:49:12,374 INFO 2567 [egg-security] use dta middleware
2020-12-15 00:49:12,374 INFO 2567 [egg-security] compose 7 middlewares into one security middleware
2020-12-15 00:49:12,395 INFO 2567 [egg:core] dump config after load, 15ms
2020-12-15 00:49:12,410 INFO 2567 [egg-watcher:application] watcher start success
2020-12-15 00:49:12,421 INFO 2567 [egg:core] dump config after ready, 8ms
2020-12-15 00:54:29,109 INFO 2587 [egg:logger] init all loggers with options: {"dir":"/Users/chengyuhan/学习/egg-example/logs/egg-example","encoding":"utf8","env":"local","level":"INFO","consoleLevel":"INFO","disableConsoleAfterReady":false,"outputJSON":false,"buffer":true,"appLogName":"egg-example-web.log","coreLogName":"egg-web.log","agentLogName":"egg-agent.log","errorLogName":"common-error.log","coreLogger":{"consoleLevel":"WARN"},"allowDebugAtProd":false,"type":"application"}
2020-12-15 00:54:29,131 INFO 2587 [egg-multipart] stream mode enable
2020-12-15 00:54:29,258 INFO 2587 [egg-static] starting static serve /public/ -> /Users/chengyuhan/学习/egg-example/app/public
2020-12-15 00:54:29,260 INFO 2587 [egg-security] use csrf middleware
2020-12-15 00:54:29,261 INFO 2587 [egg-security] use methodnoallow middleware
2020-12-15 00:54:29,262 INFO 2587 [egg-security] use noopen middleware
2020-12-15 00:54:29,263 INFO 2587 [egg-security] use nosniff middleware
2020-12-15 00:54:29,264 INFO 2587 [egg-security] use xssProtection middleware
2020-12-15 00:54:29,265 INFO 2587 [egg-security] use xframe middleware
2020-12-15 00:54:29,267 INFO 2587 [egg-security] use dta middleware
2020-12-15 00:54:29,267 INFO 2587 [egg-security] compose 7 middlewares into one security middleware
2020-12-15 00:54:29,277 INFO 2587 [egg:core] dump config after load, 4ms
2020-12-15 00:54:29,289 INFO 2587 [egg-watcher:application] watcher start success
2020-12-15 00:54:29,301 INFO 2587 [egg:core] dump config after ready, 8ms
2020-12-15 00:57:28,683 INFO 2599 [egg:logger] init all loggers with options: {"dir":"/Users/chengyuhan/学习/egg-example/logs/egg-example","encoding":"utf8","env":"local","level":"INFO","consoleLevel":"INFO","disableConsoleAfterReady":false,"outputJSON":false,"buffer":true,"appLogName":"egg-example-web.log","coreLogName":"egg-web.log","agentLogName":"egg-agent.log","errorLogName":"common-error.log","coreLogger":{"consoleLevel":"WARN"},"allowDebugAtProd":false,"type":"application"}
2020-12-15 00:57:28,705 INFO 2599 [egg-multipart] stream mode enable
2020-12-15 00:57:28,842 INFO 2599 [egg-static] starting static serve /public/ -> /Users/chengyuhan/学习/egg-example/app/public
2020-12-15 00:57:28,844 INFO 2599 [egg-security] use csrf middleware
2020-12-15 00:57:28,845 INFO 2599 [egg-security] use methodnoallow middleware
2020-12-15 00:57:28,845 INFO 2599 [egg-security] use noopen middleware
2020-12-15 00:57:28,846 INFO 2599 [egg-security] use nosniff middleware
2020-12-15 00:57:28,846 INFO 2599 [egg-security] use xssProtection middleware
2020-12-15 00:57:28,846 INFO 2599 [egg-security] use xframe middleware
2020-12-15 00:57:28,847 INFO 2599 [egg-security] use dta middleware
2020-12-15 00:57:28,847 INFO 2599 [egg-security] compose 7 middlewares into one security middleware
2020-12-15 00:57:28,854 INFO 2599 [egg:core] dump config after load, 3ms
2020-12-15 00:57:28,864 INFO 2599 [egg-watcher:application] watcher start success
2020-12-15 00:57:28,871 INFO 2599 [egg:core] dump config after ready, 5ms
2020-12-15 00:57:44,958 INFO 2601 [egg:logger] init all loggers with options: {"dir":"/Users/chengyuhan/学习/egg-example/logs/egg-example","encoding":"utf8","env":"local","level":"INFO","consoleLevel":"INFO","disableConsoleAfterReady":false,"outputJSON":false,"buffer":true,"appLogName":"egg-example-web.log","coreLogName":"egg-web.log","agentLogName":"egg-agent.log","errorLogName":"common-error.log","coreLogger":{"consoleLevel":"WARN"},"allowDebugAtProd":false,"type":"application"}
2020-12-15 00:57:44,976 INFO 2601 [egg-multipart] stream mode enable
2020-12-15 00:57:45,028 INFO 2601 [egg-static] starting static serve /public/ -> /Users/chengyuhan/学习/egg-example/app/public
2020-12-15 00:57:45,030 INFO 2601 [egg-security] use csrf middleware
2020-12-15 00:57:45,030 INFO 2601 [egg-security] use methodnoallow middleware
2020-12-15 00:57:45,030 INFO 2601 [egg-security] use noopen middleware
2020-12-15 00:57:45,031 INFO 2601 [egg-security] use nosniff middleware
2020-12-15 00:57:45,031 INFO 2601 [egg-security] use xssProtection middleware
2020-12-15 00:57:45,031 INFO 2601 [egg-security] use xframe middleware
2020-12-15 00:57:45,031 INFO 2601 [egg-security] use dta middleware
2020-12-15 00:57:45,031 INFO 2601 [egg-security] compose 7 middlewares into one security middleware
2020-12-15 00:57:45,037 INFO 2601 [egg:core] dump config after load, 3ms
2020-12-15 00:57:45,045 INFO 2601 [egg-watcher:application] watcher start success
2020-12-15 00:57:45,051 INFO 2601 [egg:core] dump config after ready, 5ms
2020-12-15 00:58:31,577 INFO 2608 [egg:logger] init all loggers with options: {"dir":"/Users/chengyuhan/学习/egg-example/logs/egg-example","encoding":"utf8","env":"local","level":"INFO","consoleLevel":"INFO","disableConsoleAfterReady":false,"outputJSON":false,"buffer":true,"appLogName":"egg-example-web.log","coreLogName":"egg-web.log","agentLogName":"egg-agent.log","errorLogName":"common-error.log","coreLogger":{"consoleLevel":"WARN"},"allowDebugAtProd":false,"type":"application"}
2020-12-15 00:58:31,596 INFO 2608 [egg-multipart] stream mode enable
2020-12-15 00:58:31,707 INFO 2608 [egg-static] starting static serve /public/ -> /Users/chengyuhan/学习/egg-example/app/public
2020-12-15 00:58:31,709 INFO 2608 [egg-security] use csrf middleware
2020-12-15 00:58:31,710 INFO 2608 [egg-security] use methodnoallow middleware
2020-12-15 00:58:31,711 INFO 2608 [egg-security] use noopen middleware
2020-12-15 00:58:31,712 INFO 2608 [egg-security] use nosniff middleware
2020-12-15 00:58:31,712 INFO 2608 [egg-security] use xssProtection middleware
2020-12-15 00:58:31,713 INFO 2608 [egg-security] use xframe middleware
2020-12-15 00:58:31,713 INFO 2608 [egg-security] use dta middleware
2020-12-15 00:58:31,713 INFO 2608 [egg-security] compose 7 middlewares into one security middleware
2020-12-15 00:58:31,723 INFO 2608 [egg:core] dump config after load, 5ms
2020-12-15 00:58:31,737 INFO 2608 [egg-watcher:application] watcher start success
2020-12-15 00:58:31,744 INFO 2608 [egg:core] dump config after ready, 6ms
